<?xml version="1.0" encoding="UTF-8"?>
<testsuite name="ru.osipov.labs.lab3.TestLLParser" tests="1" skipped="0" failures="0" errors="0" timestamp="2020-06-06T12:38:30" hostname="oleg" time="1.63">
  <properties/>
  <testcase name="test1()" classname="ru.osipov.labs.lab3.TestLLParser" time="1.63"/>
  <system-out><![CDATA[15:38:30.074 [Test worker] DEBUG org.springframework.test.context.BootstrapUtils - Instantiating CacheAwareContextLoaderDelegate from class [org.springframework.test.context.cache.DefaultCacheAwareContextLoaderDelegate]
15:38:30.090 [Test worker] DEBUG org.springframework.test.context.BootstrapUtils - Instantiating BootstrapContext using constructor [public org.springframework.test.context.support.DefaultBootstrapContext(java.lang.Class,org.springframework.test.context.CacheAwareContextLoaderDelegate)]
15:38:30.105 [Test worker] DEBUG org.springframework.test.context.BootstrapUtils - Instantiating TestContextBootstrapper for test class [ru.osipov.labs.lab3.TestLLParser] from class [org.springframework.test.context.support.DefaultTestContextBootstrapper]
15:38:30.137 [Test worker] DEBUG org.springframework.test.context.support.AbstractDelegatingSmartContextLoader - Delegating to AnnotationConfigContextLoader to process context configuration [ContextConfigurationAttributes@23729a1e declaringClass = 'ru.osipov.labs.lab3.TestLLParser', classes = '{class ru.osipov.labs.lab3.TestLLParser}', locations = '{}', inheritLocations = true, initializers = '{}', inheritInitializers = true, name = [null], contextLoaderClass = 'org.springframework.test.context.ContextLoader'].
15:38:30.183 [Test worker] DEBUG org.springframework.test.context.support.ActiveProfilesUtils - Could not find an 'annotation declaring class' for annotation type [org.springframework.test.context.ActiveProfiles] and class [ru.osipov.labs.lab3.TestLLParser]
15:38:30.183 [Test worker] DEBUG org.springframework.test.context.support.DefaultTestContextBootstrapper - @TestExecutionListeners is not present for class [ru.osipov.labs.lab3.TestLLParser]: using defaults.
15:38:30.183 [Test worker] INFO org.springframework.test.context.support.DefaultTestContextBootstrapper - Loaded default TestExecutionListener class names from location [META-INF/spring.factories]: [org.springframework.boot.test.autoconfigure.restdocs.RestDocsTestExecutionListener, org.springframework.boot.test.autoconfigure.web.client.MockRestServiceServerResetTestExecutionListener, org.springframework.boot.test.autoconfigure.web.servlet.MockMvcPrintOnlyOnFailureTestExecutionListener, org.springframework.boot.test.autoconfigure.web.servlet.WebDriverTestExecutionListener, org.springframework.boot.test.mock.mockito.MockitoTestExecutionListener, org.springframework.boot.test.mock.mockito.ResetMocksTestExecutionListener, org.springframework.test.context.web.ServletTestExecutionListener, org.springframework.test.context.support.DirtiesContextBeforeModesTestExecutionListener, org.springframework.test.context.support.DependencyInjectionTestExecutionListener, org.springframework.test.context.support.DirtiesContextTestExecutionListener, org.springframework.test.context.transaction.TransactionalTestExecutionListener, org.springframework.test.context.jdbc.SqlScriptsTestExecutionListener]
15:38:30.199 [Test worker] DEBUG org.springframework.test.context.support.DefaultTestContextBootstrapper - Skipping candidate TestExecutionListener [org.springframework.test.context.web.ServletTestExecutionListener] due to a missing dependency. Specify custom listener classes or make the default listener classes and their required dependencies available. Offending class: [javax/servlet/ServletContext]
15:38:30.199 [Test worker] DEBUG org.springframework.test.context.support.DefaultTestContextBootstrapper - Skipping candidate TestExecutionListener [org.springframework.test.context.transaction.TransactionalTestExecutionListener] due to a missing dependency. Specify custom listener classes or make the default listener classes and their required dependencies available. Offending class: [org/springframework/transaction/interceptor/TransactionAttributeSource]
15:38:30.199 [Test worker] DEBUG org.springframework.test.context.support.DefaultTestContextBootstrapper - Skipping candidate TestExecutionListener [org.springframework.test.context.jdbc.SqlScriptsTestExecutionListener] due to a missing dependency. Specify custom listener classes or make the default listener classes and their required dependencies available. Offending class: [org/springframework/transaction/interceptor/TransactionAttribute]
15:38:30.199 [Test worker] INFO org.springframework.test.context.support.DefaultTestContextBootstrapper - Using TestExecutionListeners: [org.springframework.test.context.support.DirtiesContextBeforeModesTestExecutionListener@577d0b4b, org.springframework.boot.test.mock.mockito.MockitoTestExecutionListener@38ad0516, org.springframework.test.context.support.DependencyInjectionTestExecutionListener@68853847, org.springframework.test.context.support.DirtiesContextTestExecutionListener@4373baef, org.springframework.boot.test.autoconfigure.restdocs.RestDocsTestExecutionListener@7cebd699, org.springframework.boot.test.autoconfigure.web.client.MockRestServiceServerResetTestExecutionListener@2cbee9a7, org.springframework.boot.test.autoconfigure.web.servlet.MockMvcPrintOnlyOnFailureTestExecutionListener@6d38bb77, org.springframework.boot.test.autoconfigure.web.servlet.WebDriverTestExecutionListener@33c2d0fd, org.springframework.boot.test.mock.mockito.ResetMocksTestExecutionListener@11bf9702]
15:38:30.199 [Test worker] DEBUG org.springframework.test.context.support.AbstractDirtiesContextTestExecutionListener - Before test class: context [DefaultTestContext@5d23e21d testClass = TestLLParser, testInstance = [null], testMethod = [null], testException = [null], mergedContextConfiguration = [MergedContextConfiguration@7bc6dda5 testClass = TestLLParser, locations = '{}', classes = '{class ru.osipov.labs.lab3.TestLLParser}', contextInitializerClasses = '[]', activeProfiles = '{}', propertySourceLocations = '{}', propertySourceProperties = '{}', contextCustomizers = set[org.springframework.boot.test.autoconfigure.properties.PropertyMappingContextCustomizer@0, org.springframework.boot.test.autoconfigure.web.servlet.WebDriverContextCustomizerFactory$Customizer@4cf92288, org.springframework.boot.test.context.filter.ExcludeFilterContextCustomizer@5b2d4244, org.springframework.boot.test.json.DuplicateJsonObjectContextCustomizerFactory$DuplicateJsonObjectContextCustomizer@7986b2e2, org.springframework.boot.test.mock.mockito.MockitoContextCustomizer@0], contextLoader = 'org.springframework.test.context.support.DelegatingSmartContextLoader', parent = [null]], attributes = map[[empty]]], class annotated with @DirtiesContext [false] with mode [null].
15:38:30.215 [Test worker] DEBUG org.springframework.test.context.support.DependencyInjectionTestExecutionListener - Performing dependency injection for test context [[DefaultTestContext@5d23e21d testClass = TestLLParser, testInstance = ru.osipov.labs.lab3.TestLLParser@7d134770, testMethod = [null], testException = [null], mergedContextConfiguration = [MergedContextConfiguration@7bc6dda5 testClass = TestLLParser, locations = '{}', classes = '{class ru.osipov.labs.lab3.TestLLParser}', contextInitializerClasses = '[]', activeProfiles = '{}', propertySourceLocations = '{}', propertySourceProperties = '{}', contextCustomizers = set[org.springframework.boot.test.autoconfigure.properties.PropertyMappingContextCustomizer@0, org.springframework.boot.test.autoconfigure.web.servlet.WebDriverContextCustomizerFactory$Customizer@4cf92288, org.springframework.boot.test.context.filter.ExcludeFilterContextCustomizer@5b2d4244, org.springframework.boot.test.json.DuplicateJsonObjectContextCustomizerFactory$DuplicateJsonObjectContextCustomizer@7986b2e2, org.springframework.boot.test.mock.mockito.MockitoContextCustomizer@0], contextLoader = 'org.springframework.test.context.support.DelegatingSmartContextLoader', parent = [null]], attributes = map[[empty]]]].
15:38:30.215 [Test worker] DEBUG org.springframework.test.context.support.AbstractDelegatingSmartContextLoader - Delegating to AnnotationConfigContextLoader to load context from [MergedContextConfiguration@7bc6dda5 testClass = TestLLParser, locations = '{}', classes = '{class ru.osipov.labs.lab3.TestLLParser}', contextInitializerClasses = '[]', activeProfiles = '{}', propertySourceLocations = '{}', propertySourceProperties = '{}', contextCustomizers = set[org.springframework.boot.test.autoconfigure.properties.PropertyMappingContextCustomizer@0, org.springframework.boot.test.autoconfigure.web.servlet.WebDriverContextCustomizerFactory$Customizer@4cf92288, org.springframework.boot.test.context.filter.ExcludeFilterContextCustomizer@5b2d4244, org.springframework.boot.test.json.DuplicateJsonObjectContextCustomizerFactory$DuplicateJsonObjectContextCustomizer@7986b2e2, org.springframework.boot.test.mock.mockito.MockitoContextCustomizer@0], contextLoader = 'org.springframework.test.context.support.DelegatingSmartContextLoader', parent = [null]].
15:38:30.215 [Test worker] DEBUG org.springframework.test.context.support.AbstractGenericContextLoader - Loading ApplicationContext for merged context configuration [[MergedContextConfiguration@7bc6dda5 testClass = TestLLParser, locations = '{}', classes = '{class ru.osipov.labs.lab3.TestLLParser}', contextInitializerClasses = '[]', activeProfiles = '{}', propertySourceLocations = '{}', propertySourceProperties = '{}', contextCustomizers = set[org.springframework.boot.test.autoconfigure.properties.PropertyMappingContextCustomizer@0, org.springframework.boot.test.autoconfigure.web.servlet.WebDriverContextCustomizerFactory$Customizer@4cf92288, org.springframework.boot.test.context.filter.ExcludeFilterContextCustomizer@5b2d4244, org.springframework.boot.test.json.DuplicateJsonObjectContextCustomizerFactory$DuplicateJsonObjectContextCustomizer@7986b2e2, org.springframework.boot.test.mock.mockito.MockitoContextCustomizer@0], contextLoader = 'org.springframework.test.context.support.DelegatingSmartContextLoader', parent = [null]]].
15:38:30.277 [Test worker] DEBUG org.springframework.core.env.StandardEnvironment - Activating profiles []
15:38:30.277 [Test worker] DEBUG org.springframework.test.context.support.AnnotationConfigContextLoader - Registering annotated classes: {class ru.osipov.labs.lab3.TestLLParser}
15:38:30.324 [Test worker] DEBUG org.springframework.context.support.GenericApplicationContext - Refreshing org.springframework.context.support.GenericApplicationContext@1bf7827f
15:38:30.340 [Test worker] DEBUG org.springframework.beans.factory.support.DefaultListableBeanFactory - Creating shared instance of singleton bean 'org.springframework.context.annotation.internalConfigurationAnnotationProcessor'
15:38:30.387 [Test worker] DEBUG org.springframework.beans.factory.support.DefaultListableBeanFactory - Creating shared instance of singleton bean 'org.springframework.boot.test.mock.mockito.MockitoPostProcessor'
15:38:30.402 [Test worker] DEBUG org.springframework.beans.factory.support.DefaultListableBeanFactory - Creating shared instance of singleton bean 'org.springframework.context.event.internalEventListenerProcessor'
15:38:30.402 [Test worker] DEBUG org.springframework.beans.factory.support.DefaultListableBeanFactory - Creating shared instance of singleton bean 'org.springframework.context.event.internalEventListenerFactory'
15:38:30.418 [Test worker] DEBUG org.springframework.beans.factory.support.DefaultListableBeanFactory - Creating shared instance of singleton bean 'org.springframework.context.annotation.internalAutowiredAnnotationProcessor'
15:38:30.418 [Test worker] DEBUG org.springframework.beans.factory.support.DefaultListableBeanFactory - Creating shared instance of singleton bean 'org.springframework.context.annotation.internalCommonAnnotationProcessor'
15:38:30.418 [Test worker] DEBUG org.springframework.beans.factory.support.DefaultListableBeanFactory - Creating shared instance of singleton bean 'org.springframework.boot.test.mock.mockito.MockitoPostProcessor$SpyPostProcessor'
15:38:30.449 [Test worker] DEBUG org.springframework.beans.factory.support.DefaultListableBeanFactory - Creating shared instance of singleton bean 'testLLParser'
15:38:30.496 [Test worker] DEBUG org.springframework.test.context.cache.DefaultCacheAwareContextLoaderDelegate - Storing ApplicationContext in cache under key [[MergedContextConfiguration@7bc6dda5 testClass = TestLLParser, locations = '{}', classes = '{class ru.osipov.labs.lab3.TestLLParser}', contextInitializerClasses = '[]', activeProfiles = '{}', propertySourceLocations = '{}', propertySourceProperties = '{}', contextCustomizers = set[org.springframework.boot.test.autoconfigure.properties.PropertyMappingContextCustomizer@0, org.springframework.boot.test.autoconfigure.web.servlet.WebDriverContextCustomizerFactory$Customizer@4cf92288, org.springframework.boot.test.context.filter.ExcludeFilterContextCustomizer@5b2d4244, org.springframework.boot.test.json.DuplicateJsonObjectContextCustomizerFactory$DuplicateJsonObjectContextCustomizer@7986b2e2, org.springframework.boot.test.mock.mockito.MockitoContextCustomizer@0], contextLoader = 'org.springframework.test.context.support.DelegatingSmartContextLoader', parent = [null]]]
15:38:30.496 [Test worker] DEBUG org.springframework.test.context.cache - Spring test ApplicationContext cache statistics: [DefaultContextCache@1f793f58 size = 1, maxSize = 32, parentContextCount = 0, hitCount = 0, missCount = 1]
15:38:30.512 [Test worker] DEBUG org.springframework.test.context.support.AbstractDirtiesContextTestExecutionListener - Before test method: context [DefaultTestContext@5d23e21d testClass = TestLLParser, testInstance = ru.osipov.labs.lab3.TestLLParser@7d134770, testMethod = test1@TestLLParser, testException = [null], mergedContextConfiguration = [MergedContextConfiguration@7bc6dda5 testClass = TestLLParser, locations = '{}', classes = '{class ru.osipov.labs.lab3.TestLLParser}', contextInitializerClasses = '[]', activeProfiles = '{}', propertySourceLocations = '{}', propertySourceProperties = '{}', contextCustomizers = set[org.springframework.boot.test.autoconfigure.properties.PropertyMappingContextCustomizer@0, org.springframework.boot.test.autoconfigure.web.servlet.WebDriverContextCustomizerFactory$Customizer@4cf92288, org.springframework.boot.test.context.filter.ExcludeFilterContextCustomizer@5b2d4244, org.springframework.boot.test.json.DuplicateJsonObjectContextCustomizerFactory$DuplicateJsonObjectContextCustomizer@7986b2e2, org.springframework.boot.test.mock.mockito.MockitoContextCustomizer@0], contextLoader = 'org.springframework.test.context.support.DelegatingSmartContextLoader', parent = [null]], attributes = map[[empty]]], class annotated with @DirtiesContext [false] with mode [null], method annotated with @DirtiesContext [false] with mode [null].
15:38:30.527 [Test worker] DEBUG org.springframework.test.context.cache.DefaultCacheAwareContextLoaderDelegate - Retrieved ApplicationContext from cache with key [[MergedContextConfiguration@7bc6dda5 testClass = TestLLParser, locations = '{}', classes = '{class ru.osipov.labs.lab3.TestLLParser}', contextInitializerClasses = '[]', activeProfiles = '{}', propertySourceLocations = '{}', propertySourceProperties = '{}', contextCustomizers = set[org.springframework.boot.test.autoconfigure.properties.PropertyMappingContextCustomizer@0, org.springframework.boot.test.autoconfigure.web.servlet.WebDriverContextCustomizerFactory$Customizer@4cf92288, org.springframework.boot.test.context.filter.ExcludeFilterContextCustomizer@5b2d4244, org.springframework.boot.test.json.DuplicateJsonObjectContextCustomizerFactory$DuplicateJsonObjectContextCustomizer@7986b2e2, org.springframework.boot.test.mock.mockito.MockitoContextCustomizer@0], contextLoader = 'org.springframework.test.context.support.DelegatingSmartContextLoader', parent = [null]]]
15:38:30.527 [Test worker] DEBUG org.springframework.test.context.cache - Spring test ApplicationContext cache statistics: [DefaultContextCache@1f793f58 size = 1, maxSize = 32, parentContextCount = 0, hitCount = 1, missCount = 1]
C:\Users\Oleg\IdeaProjects\CompilerCoursePr
Source
Grammar
	T: [e, (, ), *, +, id]
	keywords: []
	N: [T, E, F]
	P {
		E -> T | E + T 
		T -> T * F | F 
		F -> id | ( E ) 
	}
	Start: E
	N_g: [T, E, F]
	N_e: []
[11, 3, 5, 7, 9]
Alpha: [a, (, ), *, +]
States of NFA: 11
States of DFA: 7
Finished: 5
Dead: 7
MinDFA States: 6
Patterns (F): 5
Start: M1
15:38:31.324 [Test worker] INFO guru.nidi.graphviz.service.CommandLineExecutor - executing command [cmd, /C, dot.exe -Tsvg C:\Users\Oleg\AppData\Local\Temp\GraphvizJava\DotEngine5149893601903807415\dotfile.dot -ooutfile.svg]
15:38:31.340 [Test worker] DEBUG guru.nidi.graphviz.service.CommandLineExecutor - workdir: C:\Users\Oleg\AppData\Local\Temp\GraphvizJava\DotEngine5149893601903807415
{E_1{E_1'1{E_1'1{e}}{T_2{T_2'1{e}}{F_3{a}}}{+}}{T_2{T_2'1{T_2'1{e}}{F_3{a}}{*}}{F_3{)}{E_1{E_1'1{E_1'1{e}}{T_2{T_2'1{e}}{F_3{a}}}{+}}{T_2{T_2'1{e}}{F_3{a}}}}{(}}}}
15:38:31.840 [Test worker] INFO guru.nidi.graphviz.service.CommandLineExecutor - executing command [cmd, /C, dot.exe -Tsvg C:\Users\Oleg\AppData\Local\Temp\GraphvizJava\DotEngine5331162619759685846\dotfile.dot -ooutfile.svg]
15:38:31.840 [Test worker] DEBUG guru.nidi.graphviz.service.CommandLineExecutor - workdir: C:\Users\Oleg\AppData\Local\Temp\GraphvizJava\DotEngine5331162619759685846
15:38:32.121 [Test worker] DEBUG org.springframework.test.context.cache.DefaultCacheAwareContextLoaderDelegate - Retrieved ApplicationContext from cache with key [[MergedContextConfiguration@7bc6dda5 testClass = TestLLParser, locations = '{}', classes = '{class ru.osipov.labs.lab3.TestLLParser}', contextInitializerClasses = '[]', activeProfiles = '{}', propertySourceLocations = '{}', propertySourceProperties = '{}', contextCustomizers = set[org.springframework.boot.test.autoconfigure.properties.PropertyMappingContextCustomizer@0, org.springframework.boot.test.autoconfigure.web.servlet.WebDriverContextCustomizerFactory$Customizer@4cf92288, org.springframework.boot.test.context.filter.ExcludeFilterContextCustomizer@5b2d4244, org.springframework.boot.test.json.DuplicateJsonObjectContextCustomizerFactory$DuplicateJsonObjectContextCustomizer@7986b2e2, org.springframework.boot.test.mock.mockito.MockitoContextCustomizer@0], contextLoader = 'org.springframework.test.context.support.DelegatingSmartContextLoader', parent = [null]]]
15:38:32.121 [Test worker] DEBUG org.springframework.test.context.cache - Spring test ApplicationContext cache statistics: [DefaultContextCache@1f793f58 size = 1, maxSize = 32, parentContextCount = 0, hitCount = 2, missCount = 1]
15:38:32.137 [Test worker] DEBUG org.springframework.test.context.cache.DefaultCacheAwareContextLoaderDelegate - Retrieved ApplicationContext from cache with key [[MergedContextConfiguration@7bc6dda5 testClass = TestLLParser, locations = '{}', classes = '{class ru.osipov.labs.lab3.TestLLParser}', contextInitializerClasses = '[]', activeProfiles = '{}', propertySourceLocations = '{}', propertySourceProperties = '{}', contextCustomizers = set[org.springframework.boot.test.autoconfigure.properties.PropertyMappingContextCustomizer@0, org.springframework.boot.test.autoconfigure.web.servlet.WebDriverContextCustomizerFactory$Customizer@4cf92288, org.springframework.boot.test.context.filter.ExcludeFilterContextCustomizer@5b2d4244, org.springframework.boot.test.json.DuplicateJsonObjectContextCustomizerFactory$DuplicateJsonObjectContextCustomizer@7986b2e2, org.springframework.boot.test.mock.mockito.MockitoContextCustomizer@0], contextLoader = 'org.springframework.test.context.support.DelegatingSmartContextLoader', parent = [null]]]
15:38:32.137 [Test worker] DEBUG org.springframework.test.context.cache - Spring test ApplicationContext cache statistics: [DefaultContextCache@1f793f58 size = 1, maxSize = 32, parentContextCount = 0, hitCount = 3, missCount = 1]
15:38:32.137 [Test worker] DEBUG org.springframework.test.context.cache.DefaultCacheAwareContextLoaderDelegate - Retrieved ApplicationContext from cache with key [[MergedContextConfiguration@7bc6dda5 testClass = TestLLParser, locations = '{}', classes = '{class ru.osipov.labs.lab3.TestLLParser}', contextInitializerClasses = '[]', activeProfiles = '{}', propertySourceLocations = '{}', propertySourceProperties = '{}', contextCustomizers = set[org.springframework.boot.test.autoconfigure.properties.PropertyMappingContextCustomizer@0, org.springframework.boot.test.autoconfigure.web.servlet.WebDriverContextCustomizerFactory$Customizer@4cf92288, org.springframework.boot.test.context.filter.ExcludeFilterContextCustomizer@5b2d4244, org.springframework.boot.test.json.DuplicateJsonObjectContextCustomizerFactory$DuplicateJsonObjectContextCustomizer@7986b2e2, org.springframework.boot.test.mock.mockito.MockitoContextCustomizer@0], contextLoader = 'org.springframework.test.context.support.DelegatingSmartContextLoader', parent = [null]]]
15:38:32.137 [Test worker] DEBUG org.springframework.test.context.cache - Spring test ApplicationContext cache statistics: [DefaultContextCache@1f793f58 size = 1, maxSize = 32, parentContextCount = 0, hitCount = 4, missCount = 1]
15:38:32.137 [Test worker] DEBUG org.springframework.test.context.cache.DefaultCacheAwareContextLoaderDelegate - Retrieved ApplicationContext from cache with key [[MergedContextConfiguration@7bc6dda5 testClass = TestLLParser, locations = '{}', classes = '{class ru.osipov.labs.lab3.TestLLParser}', contextInitializerClasses = '[]', activeProfiles = '{}', propertySourceLocations = '{}', propertySourceProperties = '{}', contextCustomizers = set[org.springframework.boot.test.autoconfigure.properties.PropertyMappingContextCustomizer@0, org.springframework.boot.test.autoconfigure.web.servlet.WebDriverContextCustomizerFactory$Customizer@4cf92288, org.springframework.boot.test.context.filter.ExcludeFilterContextCustomizer@5b2d4244, org.springframework.boot.test.json.DuplicateJsonObjectContextCustomizerFactory$DuplicateJsonObjectContextCustomizer@7986b2e2, org.springframework.boot.test.mock.mockito.MockitoContextCustomizer@0], contextLoader = 'org.springframework.test.context.support.DelegatingSmartContextLoader', parent = [null]]]
15:38:32.137 [Test worker] DEBUG org.springframework.test.context.cache - Spring test ApplicationContext cache statistics: [DefaultContextCache@1f793f58 size = 1, maxSize = 32, parentContextCount = 0, hitCount = 5, missCount = 1]
15:38:32.137 [Test worker] DEBUG org.springframework.test.context.support.AbstractDirtiesContextTestExecutionListener - After test method: context [DefaultTestContext@5d23e21d testClass = TestLLParser, testInstance = ru.osipov.labs.lab3.TestLLParser@7d134770, testMethod = test1@TestLLParser, testException = [null], mergedContextConfiguration = [MergedContextConfiguration@7bc6dda5 testClass = TestLLParser, locations = '{}', classes = '{class ru.osipov.labs.lab3.TestLLParser}', contextInitializerClasses = '[]', activeProfiles = '{}', propertySourceLocations = '{}', propertySourceProperties = '{}', contextCustomizers = set[org.springframework.boot.test.autoconfigure.properties.PropertyMappingContextCustomizer@0, org.springframework.boot.test.autoconfigure.web.servlet.WebDriverContextCustomizerFactory$Customizer@4cf92288, org.springframework.boot.test.context.filter.ExcludeFilterContextCustomizer@5b2d4244, org.springframework.boot.test.json.DuplicateJsonObjectContextCustomizerFactory$DuplicateJsonObjectContextCustomizer@7986b2e2, org.springframework.boot.test.mock.mockito.MockitoContextCustomizer@0], contextLoader = 'org.springframework.test.context.support.DelegatingSmartContextLoader', parent = [null]], attributes = map[[empty]]], class annotated with @DirtiesContext [false] with mode [null], method annotated with @DirtiesContext [false] with mode [null].
15:38:32.137 [Test worker] DEBUG org.springframework.test.context.support.AbstractDirtiesContextTestExecutionListener - After test class: context [DefaultTestContext@5d23e21d testClass = TestLLParser, testInstance = [null], testMethod = [null], testException = [null], mergedContextConfiguration = [MergedContextConfiguration@7bc6dda5 testClass = TestLLParser, locations = '{}', classes = '{class ru.osipov.labs.lab3.TestLLParser}', contextInitializerClasses = '[]', activeProfiles = '{}', propertySourceLocations = '{}', propertySourceProperties = '{}', contextCustomizers = set[org.springframework.boot.test.autoconfigure.properties.PropertyMappingContextCustomizer@0, org.springframework.boot.test.autoconfigure.web.servlet.WebDriverContextCustomizerFactory$Customizer@4cf92288, org.springframework.boot.test.context.filter.ExcludeFilterContextCustomizer@5b2d4244, org.springframework.boot.test.json.DuplicateJsonObjectContextCustomizerFactory$DuplicateJsonObjectContextCustomizer@7986b2e2, org.springframework.boot.test.mock.mockito.MockitoContextCustomizer@0], contextLoader = 'org.springframework.test.context.support.DelegatingSmartContextLoader', parent = [null]], attributes = map[[empty]]], class annotated with @DirtiesContext [false] with mode [null].
]]></system-out>
  <system-err><![CDATA[]]></system-err>
</testsuite>
