<?xml version="1.0" encoding="UTF-8"?>
<testsuite name="ru.osipov.labs.lab3.TestLLParser" tests="1" skipped="0" failures="0" errors="0" timestamp="2020-06-05T21:06:44" hostname="oleg" time="6.885">
  <properties/>
  <testcase name="testJsonGrammar()" classname="ru.osipov.labs.lab3.TestLLParser" time="6.885"/>
  <system-out><![CDATA[00:06:43.788 [Test worker] DEBUG org.springframework.test.context.BootstrapUtils - Instantiating CacheAwareContextLoaderDelegate from class [org.springframework.test.context.cache.DefaultCacheAwareContextLoaderDelegate]
00:06:43.819 [Test worker] DEBUG org.springframework.test.context.BootstrapUtils - Instantiating BootstrapContext using constructor [public org.springframework.test.context.support.DefaultBootstrapContext(java.lang.Class,org.springframework.test.context.CacheAwareContextLoaderDelegate)]
00:06:43.834 [Test worker] DEBUG org.springframework.test.context.BootstrapUtils - Instantiating TestContextBootstrapper for test class [ru.osipov.labs.lab3.TestLLParser] from class [org.springframework.test.context.support.DefaultTestContextBootstrapper]
00:06:43.881 [Test worker] DEBUG org.springframework.test.context.support.AbstractDelegatingSmartContextLoader - Delegating to AnnotationConfigContextLoader to process context configuration [ContextConfigurationAttributes@5f6d16bf declaringClass = 'ru.osipov.labs.lab3.TestLLParser', classes = '{class ru.osipov.labs.lab3.TestLLParser}', locations = '{}', inheritLocations = true, initializers = '{}', inheritInitializers = true, name = [null], contextLoaderClass = 'org.springframework.test.context.ContextLoader'].
00:06:43.944 [Test worker] DEBUG org.springframework.test.context.support.ActiveProfilesUtils - Could not find an 'annotation declaring class' for annotation type [org.springframework.test.context.ActiveProfiles] and class [ru.osipov.labs.lab3.TestLLParser]
00:06:43.944 [Test worker] DEBUG org.springframework.test.context.support.DefaultTestContextBootstrapper - @TestExecutionListeners is not present for class [ru.osipov.labs.lab3.TestLLParser]: using defaults.
00:06:43.944 [Test worker] INFO org.springframework.test.context.support.DefaultTestContextBootstrapper - Loaded default TestExecutionListener class names from location [META-INF/spring.factories]: [org.springframework.boot.test.autoconfigure.restdocs.RestDocsTestExecutionListener, org.springframework.boot.test.autoconfigure.web.client.MockRestServiceServerResetTestExecutionListener, org.springframework.boot.test.autoconfigure.web.servlet.MockMvcPrintOnlyOnFailureTestExecutionListener, org.springframework.boot.test.autoconfigure.web.servlet.WebDriverTestExecutionListener, org.springframework.boot.test.mock.mockito.MockitoTestExecutionListener, org.springframework.boot.test.mock.mockito.ResetMocksTestExecutionListener, org.springframework.test.context.web.ServletTestExecutionListener, org.springframework.test.context.support.DirtiesContextBeforeModesTestExecutionListener, org.springframework.test.context.support.DependencyInjectionTestExecutionListener, org.springframework.test.context.support.DirtiesContextTestExecutionListener, org.springframework.test.context.transaction.TransactionalTestExecutionListener, org.springframework.test.context.jdbc.SqlScriptsTestExecutionListener]
00:06:43.959 [Test worker] DEBUG org.springframework.test.context.support.DefaultTestContextBootstrapper - Skipping candidate TestExecutionListener [org.springframework.test.context.web.ServletTestExecutionListener] due to a missing dependency. Specify custom listener classes or make the default listener classes and their required dependencies available. Offending class: [javax/servlet/ServletContext]
00:06:43.959 [Test worker] DEBUG org.springframework.test.context.support.DefaultTestContextBootstrapper - Skipping candidate TestExecutionListener [org.springframework.test.context.transaction.TransactionalTestExecutionListener] due to a missing dependency. Specify custom listener classes or make the default listener classes and their required dependencies available. Offending class: [org/springframework/transaction/interceptor/TransactionAttributeSource]
00:06:43.959 [Test worker] DEBUG org.springframework.test.context.support.DefaultTestContextBootstrapper - Skipping candidate TestExecutionListener [org.springframework.test.context.jdbc.SqlScriptsTestExecutionListener] due to a missing dependency. Specify custom listener classes or make the default listener classes and their required dependencies available. Offending class: [org/springframework/transaction/interceptor/TransactionAttribute]
00:06:43.959 [Test worker] INFO org.springframework.test.context.support.DefaultTestContextBootstrapper - Using TestExecutionListeners: [org.springframework.test.context.support.DirtiesContextBeforeModesTestExecutionListener@1ec3d662, org.springframework.boot.test.mock.mockito.MockitoTestExecutionListener@65140d5, org.springframework.test.context.support.DependencyInjectionTestExecutionListener@3b235c85, org.springframework.test.context.support.DirtiesContextTestExecutionListener@75f6a004, org.springframework.boot.test.autoconfigure.restdocs.RestDocsTestExecutionListener@7506081e, org.springframework.boot.test.autoconfigure.web.client.MockRestServiceServerResetTestExecutionListener@79ddb983, org.springframework.boot.test.autoconfigure.web.servlet.MockMvcPrintOnlyOnFailureTestExecutionListener@58bb1549, org.springframework.boot.test.autoconfigure.web.servlet.WebDriverTestExecutionListener@180d68da, org.springframework.boot.test.mock.mockito.ResetMocksTestExecutionListener@5d0ed53d]
00:06:43.959 [Test worker] DEBUG org.springframework.test.context.support.AbstractDirtiesContextTestExecutionListener - Before test class: context [DefaultTestContext@1b9c1b1b testClass = TestLLParser, testInstance = [null], testMethod = [null], testException = [null], mergedContextConfiguration = [MergedContextConfiguration@379cb5a3 testClass = TestLLParser, locations = '{}', classes = '{class ru.osipov.labs.lab3.TestLLParser}', contextInitializerClasses = '[]', activeProfiles = '{}', propertySourceLocations = '{}', propertySourceProperties = '{}', contextCustomizers = set[org.springframework.boot.test.autoconfigure.properties.PropertyMappingContextCustomizer@0, org.springframework.boot.test.autoconfigure.web.servlet.WebDriverContextCustomizerFactory$Customizer@f46c6c8, org.springframework.boot.test.context.filter.ExcludeFilterContextCustomizer@3354c2e1, org.springframework.boot.test.json.DuplicateJsonObjectContextCustomizerFactory$DuplicateJsonObjectContextCustomizer@6eb91113, org.springframework.boot.test.mock.mockito.MockitoContextCustomizer@0], contextLoader = 'org.springframework.test.context.support.DelegatingSmartContextLoader', parent = [null]], attributes = map[[empty]]], class annotated with @DirtiesContext [false] with mode [null].
00:06:43.975 [Test worker] DEBUG org.springframework.test.context.support.DependencyInjectionTestExecutionListener - Performing dependency injection for test context [[DefaultTestContext@1b9c1b1b testClass = TestLLParser, testInstance = ru.osipov.labs.lab3.TestLLParser@2f5d4355, testMethod = [null], testException = [null], mergedContextConfiguration = [MergedContextConfiguration@379cb5a3 testClass = TestLLParser, locations = '{}', classes = '{class ru.osipov.labs.lab3.TestLLParser}', contextInitializerClasses = '[]', activeProfiles = '{}', propertySourceLocations = '{}', propertySourceProperties = '{}', contextCustomizers = set[org.springframework.boot.test.autoconfigure.properties.PropertyMappingContextCustomizer@0, org.springframework.boot.test.autoconfigure.web.servlet.WebDriverContextCustomizerFactory$Customizer@f46c6c8, org.springframework.boot.test.context.filter.ExcludeFilterContextCustomizer@3354c2e1, org.springframework.boot.test.json.DuplicateJsonObjectContextCustomizerFactory$DuplicateJsonObjectContextCustomizer@6eb91113, org.springframework.boot.test.mock.mockito.MockitoContextCustomizer@0], contextLoader = 'org.springframework.test.context.support.DelegatingSmartContextLoader', parent = [null]], attributes = map[[empty]]]].
00:06:43.975 [Test worker] DEBUG org.springframework.test.context.support.AbstractDelegatingSmartContextLoader - Delegating to AnnotationConfigContextLoader to load context from [MergedContextConfiguration@379cb5a3 testClass = TestLLParser, locations = '{}', classes = '{class ru.osipov.labs.lab3.TestLLParser}', contextInitializerClasses = '[]', activeProfiles = '{}', propertySourceLocations = '{}', propertySourceProperties = '{}', contextCustomizers = set[org.springframework.boot.test.autoconfigure.properties.PropertyMappingContextCustomizer@0, org.springframework.boot.test.autoconfigure.web.servlet.WebDriverContextCustomizerFactory$Customizer@f46c6c8, org.springframework.boot.test.context.filter.ExcludeFilterContextCustomizer@3354c2e1, org.springframework.boot.test.json.DuplicateJsonObjectContextCustomizerFactory$DuplicateJsonObjectContextCustomizer@6eb91113, org.springframework.boot.test.mock.mockito.MockitoContextCustomizer@0], contextLoader = 'org.springframework.test.context.support.DelegatingSmartContextLoader', parent = [null]].
00:06:43.975 [Test worker] DEBUG org.springframework.test.context.support.AbstractGenericContextLoader - Loading ApplicationContext for merged context configuration [[MergedContextConfiguration@379cb5a3 testClass = TestLLParser, locations = '{}', classes = '{class ru.osipov.labs.lab3.TestLLParser}', contextInitializerClasses = '[]', activeProfiles = '{}', propertySourceLocations = '{}', propertySourceProperties = '{}', contextCustomizers = set[org.springframework.boot.test.autoconfigure.properties.PropertyMappingContextCustomizer@0, org.springframework.boot.test.autoconfigure.web.servlet.WebDriverContextCustomizerFactory$Customizer@f46c6c8, org.springframework.boot.test.context.filter.ExcludeFilterContextCustomizer@3354c2e1, org.springframework.boot.test.json.DuplicateJsonObjectContextCustomizerFactory$DuplicateJsonObjectContextCustomizer@6eb91113, org.springframework.boot.test.mock.mockito.MockitoContextCustomizer@0], contextLoader = 'org.springframework.test.context.support.DelegatingSmartContextLoader', parent = [null]]].
00:06:44.038 [Test worker] DEBUG org.springframework.core.env.StandardEnvironment - Activating profiles []
00:06:44.038 [Test worker] DEBUG org.springframework.test.context.support.AnnotationConfigContextLoader - Registering annotated classes: {class ru.osipov.labs.lab3.TestLLParser}
00:06:44.101 [Test worker] DEBUG org.springframework.context.support.GenericApplicationContext - Refreshing org.springframework.context.support.GenericApplicationContext@fa4aff3
00:06:44.117 [Test worker] DEBUG org.springframework.beans.factory.support.DefaultListableBeanFactory - Creating shared instance of singleton bean 'org.springframework.context.annotation.internalConfigurationAnnotationProcessor'
00:06:44.164 [Test worker] DEBUG org.springframework.beans.factory.support.DefaultListableBeanFactory - Creating shared instance of singleton bean 'org.springframework.boot.test.mock.mockito.MockitoPostProcessor'
00:06:44.179 [Test worker] DEBUG org.springframework.beans.factory.support.DefaultListableBeanFactory - Creating shared instance of singleton bean 'org.springframework.context.event.internalEventListenerProcessor'
00:06:44.179 [Test worker] DEBUG org.springframework.beans.factory.support.DefaultListableBeanFactory - Creating shared instance of singleton bean 'org.springframework.context.event.internalEventListenerFactory'
00:06:44.195 [Test worker] DEBUG org.springframework.beans.factory.support.DefaultListableBeanFactory - Creating shared instance of singleton bean 'org.springframework.context.annotation.internalAutowiredAnnotationProcessor'
00:06:44.195 [Test worker] DEBUG org.springframework.beans.factory.support.DefaultListableBeanFactory - Creating shared instance of singleton bean 'org.springframework.context.annotation.internalCommonAnnotationProcessor'
00:06:44.195 [Test worker] DEBUG org.springframework.beans.factory.support.DefaultListableBeanFactory - Creating shared instance of singleton bean 'org.springframework.boot.test.mock.mockito.MockitoPostProcessor$SpyPostProcessor'
00:06:44.211 [Test worker] DEBUG org.springframework.beans.factory.support.DefaultListableBeanFactory - Creating shared instance of singleton bean 'testLLParser'
00:06:44.242 [Test worker] DEBUG org.springframework.test.context.cache.DefaultCacheAwareContextLoaderDelegate - Storing ApplicationContext in cache under key [[MergedContextConfiguration@379cb5a3 testClass = TestLLParser, locations = '{}', classes = '{class ru.osipov.labs.lab3.TestLLParser}', contextInitializerClasses = '[]', activeProfiles = '{}', propertySourceLocations = '{}', propertySourceProperties = '{}', contextCustomizers = set[org.springframework.boot.test.autoconfigure.properties.PropertyMappingContextCustomizer@0, org.springframework.boot.test.autoconfigure.web.servlet.WebDriverContextCustomizerFactory$Customizer@f46c6c8, org.springframework.boot.test.context.filter.ExcludeFilterContextCustomizer@3354c2e1, org.springframework.boot.test.json.DuplicateJsonObjectContextCustomizerFactory$DuplicateJsonObjectContextCustomizer@6eb91113, org.springframework.boot.test.mock.mockito.MockitoContextCustomizer@0], contextLoader = 'org.springframework.test.context.support.DelegatingSmartContextLoader', parent = [null]]]
00:06:44.242 [Test worker] DEBUG org.springframework.test.context.cache - Spring test ApplicationContext cache statistics: [DefaultContextCache@65fc2475 size = 1, maxSize = 32, parentContextCount = 0, hitCount = 0, missCount = 1]
00:06:44.257 [Test worker] DEBUG org.springframework.test.context.support.AbstractDirtiesContextTestExecutionListener - Before test method: context [DefaultTestContext@1b9c1b1b testClass = TestLLParser, testInstance = ru.osipov.labs.lab3.TestLLParser@2f5d4355, testMethod = testJsonGrammar@TestLLParser, testException = [null], mergedContextConfiguration = [MergedContextConfiguration@379cb5a3 testClass = TestLLParser, locations = '{}', classes = '{class ru.osipov.labs.lab3.TestLLParser}', contextInitializerClasses = '[]', activeProfiles = '{}', propertySourceLocations = '{}', propertySourceProperties = '{}', contextCustomizers = set[org.springframework.boot.test.autoconfigure.properties.PropertyMappingContextCustomizer@0, org.springframework.boot.test.autoconfigure.web.servlet.WebDriverContextCustomizerFactory$Customizer@f46c6c8, org.springframework.boot.test.context.filter.ExcludeFilterContextCustomizer@3354c2e1, org.springframework.boot.test.json.DuplicateJsonObjectContextCustomizerFactory$DuplicateJsonObjectContextCustomizer@6eb91113, org.springframework.boot.test.mock.mockito.MockitoContextCustomizer@0], contextLoader = 'org.springframework.test.context.support.DelegatingSmartContextLoader', parent = [null]], attributes = map[[empty]]], class annotated with @DirtiesContext [false] with mode [null], method annotated with @DirtiesContext [false] with mode [null].
00:06:44.257 [Test worker] DEBUG org.springframework.test.context.cache.DefaultCacheAwareContextLoaderDelegate - Retrieved ApplicationContext from cache with key [[MergedContextConfiguration@379cb5a3 testClass = TestLLParser, locations = '{}', classes = '{class ru.osipov.labs.lab3.TestLLParser}', contextInitializerClasses = '[]', activeProfiles = '{}', propertySourceLocations = '{}', propertySourceProperties = '{}', contextCustomizers = set[org.springframework.boot.test.autoconfigure.properties.PropertyMappingContextCustomizer@0, org.springframework.boot.test.autoconfigure.web.servlet.WebDriverContextCustomizerFactory$Customizer@f46c6c8, org.springframework.boot.test.context.filter.ExcludeFilterContextCustomizer@3354c2e1, org.springframework.boot.test.json.DuplicateJsonObjectContextCustomizerFactory$DuplicateJsonObjectContextCustomizer@6eb91113, org.springframework.boot.test.mock.mockito.MockitoContextCustomizer@0], contextLoader = 'org.springframework.test.context.support.DelegatingSmartContextLoader', parent = [null]]]
00:06:44.257 [Test worker] DEBUG org.springframework.test.context.cache - Spring test ApplicationContext cache statistics: [DefaultContextCache@65fc2475 size = 1, maxSize = 32, parentContextCount = 0, hitCount = 1, missCount = 1]
Source
Grammar
	T: [realNum, realHexNum, string, num, false, binNum, ,, empty, realOctalNum, hexNum, null, true, :, id, {, [, realBinNum, octalNum, }, ]]
	keywords: [null, true, false]
	N: [VAL, ARRAY, MEMBERS, J, ELEMS, OBJECT, ELEM, MEMBER]
	P {
		J -> ELEM 
		VAL -> realNum | realHexNum | ARRAY | string | num | false | binNum | OBJECT | realOctalNum | null | hexNum | true | id | realBinNum | octalNum 
		ARRAY -> [ ELEMS ] 
		MEMBERS -> MEMBER , MEMBERS | MEMBER | empty 
		ELEMS -> ELEM , ELEMS | ELEM | empty 
		OBJECT -> { MEMBERS } 
		ELEM -> VAL 
		MEMBER -> string : ELEM 
	}
	Start: J
	N_g: [VAL, MEMBERS, ARRAY, J, ELEMS, OBJECT, ELEM, MEMBER]
	N_e: [MEMBERS, ELEMS]
Processed Grammar
Grammar
	T: [string, num, binNum, empty, hexNum, [, id, ], octalNum, realNum, realHexNum, false, ,, realOctalNum, null, true, :, {, realBinNum, }]
	keywords: [null, true, false]
	N: [J, ELEMS, MEMBER, ELEMS'1, MEMBERS, ELEM, MEMBERS'1]
	P {
		J -> realNum | realHexNum | string | num | false | binNum | { MEMBERS } | realOctalNum | [ ELEMS ] | null | hexNum | true | id | realBinNum | octalNum 
		ELEMS'1 -> , ELEMS | empty 
		MEMBERS -> MEMBER MEMBERS'1 | empty 
		ELEMS -> ELEM ELEMS'1 | empty 
		MEMBERS'1 -> , MEMBERS | empty 
		MEMBER -> string : ELEM 
		ELEM -> realNum | realHexNum | string | num | false | binNum | { MEMBERS } | realOctalNum | [ ELEMS ] | null | hexNum | true | id | realBinNum | octalNum 
	}
	Start: J
	N_g: [ELEMS'1, MEMBERS, J, ELEMS, MEMBERS'1, ELEM, MEMBER]
	N_e: [ELEMS'1, MEMBERS, ELEMS, MEMBERS'1]
[1593, 1692, 1031, 451, 1689, 156, 1127, 1598, 1124, 1652, 1596, 1694, 889, 902, 838, 905]
Alpha: [ , !, ", #, $, %, &, ', (, ), *, +, ,, -, ., /, 0, 1, 2, 3, 4, 5, 6, 7, 8, 9, :, ;, <, =, >, ?, @, A, B, C, D, E, F, G, H, I, J, K, L, M, N, O, P, Q, R, S, T, U, V, W, X, Y, Z, [, \, ], _, a, b, c, d, e, f, g, h, i, j, k, l, m, n, o, p, q, r, s, t, u, v, w, x, y, z, {, }, ~, ?, ?, ?, ?]
States of NFA: 1647
States of DFA: 376
Finished: 251
Dead: 2
MinDFA States: 41
Patterns (F): 22
Start: M21
json_t_1.txt
Gen: 46
Recurse: 0

dataset3.json
Gen: 313
Recurse: 16
dataset4.json
Gen: 282
Recurse: 16
dataset6.json
Gen: 306
Recurse: 31
00:06:51.121 [Test worker] DEBUG org.springframework.test.context.cache.DefaultCacheAwareContextLoaderDelegate - Retrieved ApplicationContext from cache with key [[MergedContextConfiguration@379cb5a3 testClass = TestLLParser, locations = '{}', classes = '{class ru.osipov.labs.lab3.TestLLParser}', contextInitializerClasses = '[]', activeProfiles = '{}', propertySourceLocations = '{}', propertySourceProperties = '{}', contextCustomizers = set[org.springframework.boot.test.autoconfigure.properties.PropertyMappingContextCustomizer@0, org.springframework.boot.test.autoconfigure.web.servlet.WebDriverContextCustomizerFactory$Customizer@f46c6c8, org.springframework.boot.test.context.filter.ExcludeFilterContextCustomizer@3354c2e1, org.springframework.boot.test.json.DuplicateJsonObjectContextCustomizerFactory$DuplicateJsonObjectContextCustomizer@6eb91113, org.springframework.boot.test.mock.mockito.MockitoContextCustomizer@0], contextLoader = 'org.springframework.test.context.support.DelegatingSmartContextLoader', parent = [null]]]
00:06:51.121 [Test worker] DEBUG org.springframework.test.context.cache - Spring test ApplicationContext cache statistics: [DefaultContextCache@65fc2475 size = 1, maxSize = 32, parentContextCount = 0, hitCount = 2, missCount = 1]
00:06:51.121 [Test worker] DEBUG org.springframework.test.context.cache.DefaultCacheAwareContextLoaderDelegate - Retrieved ApplicationContext from cache with key [[MergedContextConfiguration@379cb5a3 testClass = TestLLParser, locations = '{}', classes = '{class ru.osipov.labs.lab3.TestLLParser}', contextInitializerClasses = '[]', activeProfiles = '{}', propertySourceLocations = '{}', propertySourceProperties = '{}', contextCustomizers = set[org.springframework.boot.test.autoconfigure.properties.PropertyMappingContextCustomizer@0, org.springframework.boot.test.autoconfigure.web.servlet.WebDriverContextCustomizerFactory$Customizer@f46c6c8, org.springframework.boot.test.context.filter.ExcludeFilterContextCustomizer@3354c2e1, org.springframework.boot.test.json.DuplicateJsonObjectContextCustomizerFactory$DuplicateJsonObjectContextCustomizer@6eb91113, org.springframework.boot.test.mock.mockito.MockitoContextCustomizer@0], contextLoader = 'org.springframework.test.context.support.DelegatingSmartContextLoader', parent = [null]]]
00:06:51.121 [Test worker] DEBUG org.springframework.test.context.cache - Spring test ApplicationContext cache statistics: [DefaultContextCache@65fc2475 size = 1, maxSize = 32, parentContextCount = 0, hitCount = 3, missCount = 1]
00:06:51.121 [Test worker] DEBUG org.springframework.test.context.cache.DefaultCacheAwareContextLoaderDelegate - Retrieved ApplicationContext from cache with key [[MergedContextConfiguration@379cb5a3 testClass = TestLLParser, locations = '{}', classes = '{class ru.osipov.labs.lab3.TestLLParser}', contextInitializerClasses = '[]', activeProfiles = '{}', propertySourceLocations = '{}', propertySourceProperties = '{}', contextCustomizers = set[org.springframework.boot.test.autoconfigure.properties.PropertyMappingContextCustomizer@0, org.springframework.boot.test.autoconfigure.web.servlet.WebDriverContextCustomizerFactory$Customizer@f46c6c8, org.springframework.boot.test.context.filter.ExcludeFilterContextCustomizer@3354c2e1, org.springframework.boot.test.json.DuplicateJsonObjectContextCustomizerFactory$DuplicateJsonObjectContextCustomizer@6eb91113, org.springframework.boot.test.mock.mockito.MockitoContextCustomizer@0], contextLoader = 'org.springframework.test.context.support.DelegatingSmartContextLoader', parent = [null]]]
00:06:51.121 [Test worker] DEBUG org.springframework.test.context.cache - Spring test ApplicationContext cache statistics: [DefaultContextCache@65fc2475 size = 1, maxSize = 32, parentContextCount = 0, hitCount = 4, missCount = 1]
00:06:51.137 [Test worker] DEBUG org.springframework.test.context.cache.DefaultCacheAwareContextLoaderDelegate - Retrieved ApplicationContext from cache with key [[MergedContextConfiguration@379cb5a3 testClass = TestLLParser, locations = '{}', classes = '{class ru.osipov.labs.lab3.TestLLParser}', contextInitializerClasses = '[]', activeProfiles = '{}', propertySourceLocations = '{}', propertySourceProperties = '{}', contextCustomizers = set[org.springframework.boot.test.autoconfigure.properties.PropertyMappingContextCustomizer@0, org.springframework.boot.test.autoconfigure.web.servlet.WebDriverContextCustomizerFactory$Customizer@f46c6c8, org.springframework.boot.test.context.filter.ExcludeFilterContextCustomizer@3354c2e1, org.springframework.boot.test.json.DuplicateJsonObjectContextCustomizerFactory$DuplicateJsonObjectContextCustomizer@6eb91113, org.springframework.boot.test.mock.mockito.MockitoContextCustomizer@0], contextLoader = 'org.springframework.test.context.support.DelegatingSmartContextLoader', parent = [null]]]
00:06:51.137 [Test worker] DEBUG org.springframework.test.context.cache - Spring test ApplicationContext cache statistics: [DefaultContextCache@65fc2475 size = 1, maxSize = 32, parentContextCount = 0, hitCount = 5, missCount = 1]
00:06:51.137 [Test worker] DEBUG org.springframework.test.context.support.AbstractDirtiesContextTestExecutionListener - After test method: context [DefaultTestContext@1b9c1b1b testClass = TestLLParser, testInstance = ru.osipov.labs.lab3.TestLLParser@2f5d4355, testMethod = testJsonGrammar@TestLLParser, testException = [null], mergedContextConfiguration = [MergedContextConfiguration@379cb5a3 testClass = TestLLParser, locations = '{}', classes = '{class ru.osipov.labs.lab3.TestLLParser}', contextInitializerClasses = '[]', activeProfiles = '{}', propertySourceLocations = '{}', propertySourceProperties = '{}', contextCustomizers = set[org.springframework.boot.test.autoconfigure.properties.PropertyMappingContextCustomizer@0, org.springframework.boot.test.autoconfigure.web.servlet.WebDriverContextCustomizerFactory$Customizer@f46c6c8, org.springframework.boot.test.context.filter.ExcludeFilterContextCustomizer@3354c2e1, org.springframework.boot.test.json.DuplicateJsonObjectContextCustomizerFactory$DuplicateJsonObjectContextCustomizer@6eb91113, org.springframework.boot.test.mock.mockito.MockitoContextCustomizer@0], contextLoader = 'org.springframework.test.context.support.DelegatingSmartContextLoader', parent = [null]], attributes = map[[empty]]], class annotated with @DirtiesContext [false] with mode [null], method annotated with @DirtiesContext [false] with mode [null].
00:06:51.137 [Test worker] DEBUG org.springframework.test.context.support.AbstractDirtiesContextTestExecutionListener - After test class: context [DefaultTestContext@1b9c1b1b testClass = TestLLParser, testInstance = [null], testMethod = [null], testException = [null], mergedContextConfiguration = [MergedContextConfiguration@379cb5a3 testClass = TestLLParser, locations = '{}', classes = '{class ru.osipov.labs.lab3.TestLLParser}', contextInitializerClasses = '[]', activeProfiles = '{}', propertySourceLocations = '{}', propertySourceProperties = '{}', contextCustomizers = set[org.springframework.boot.test.autoconfigure.properties.PropertyMappingContextCustomizer@0, org.springframework.boot.test.autoconfigure.web.servlet.WebDriverContextCustomizerFactory$Customizer@f46c6c8, org.springframework.boot.test.context.filter.ExcludeFilterContextCustomizer@3354c2e1, org.springframework.boot.test.json.DuplicateJsonObjectContextCustomizerFactory$DuplicateJsonObjectContextCustomizer@6eb91113, org.springframework.boot.test.mock.mockito.MockitoContextCustomizer@0], contextLoader = 'org.springframework.test.context.support.DelegatingSmartContextLoader', parent = [null]], attributes = map[[empty]]], class annotated with @DirtiesContext [false] with mode [null].
]]></system-out>
  <system-err><![CDATA[]]></system-err>
</testsuite>
