<?xml version="1.0" encoding="UTF-8"?>
<testsuite name="ru.osipov.labs.lab3.TestLLParser" tests="1" skipped="0" failures="0" errors="0" timestamp="2020-04-25T16:50:56" hostname="oleg" time="5.036">
  <properties/>
  <testcase name="test3()" classname="ru.osipov.labs.lab3.TestLLParser" time="5.036"/>
  <system-out><![CDATA[19:50:55.855 [Test worker] DEBUG org.springframework.test.context.BootstrapUtils - Instantiating CacheAwareContextLoaderDelegate from class [org.springframework.test.context.cache.DefaultCacheAwareContextLoaderDelegate]
19:50:55.870 [Test worker] DEBUG org.springframework.test.context.BootstrapUtils - Instantiating BootstrapContext using constructor [public org.springframework.test.context.support.DefaultBootstrapContext(java.lang.Class,org.springframework.test.context.CacheAwareContextLoaderDelegate)]
19:50:55.886 [Test worker] DEBUG org.springframework.test.context.BootstrapUtils - Instantiating TestContextBootstrapper for test class [ru.osipov.labs.lab3.TestLLParser] from class [org.springframework.test.context.support.DefaultTestContextBootstrapper]
19:50:55.917 [Test worker] DEBUG org.springframework.test.context.support.AbstractDelegatingSmartContextLoader - Delegating to AnnotationConfigContextLoader to process context configuration [ContextConfigurationAttributes@5f6d16bf declaringClass = 'ru.osipov.labs.lab3.TestLLParser', classes = '{class ru.osipov.labs.lab3.TestLLParser}', locations = '{}', inheritLocations = true, initializers = '{}', inheritInitializers = true, name = [null], contextLoaderClass = 'org.springframework.test.context.ContextLoader'].
19:50:55.964 [Test worker] DEBUG org.springframework.test.context.support.ActiveProfilesUtils - Could not find an 'annotation declaring class' for annotation type [org.springframework.test.context.ActiveProfiles] and class [ru.osipov.labs.lab3.TestLLParser]
19:50:55.964 [Test worker] DEBUG org.springframework.test.context.support.DefaultTestContextBootstrapper - @TestExecutionListeners is not present for class [ru.osipov.labs.lab3.TestLLParser]: using defaults.
19:50:55.964 [Test worker] INFO org.springframework.test.context.support.DefaultTestContextBootstrapper - Loaded default TestExecutionListener class names from location [META-INF/spring.factories]: [org.springframework.boot.test.autoconfigure.restdocs.RestDocsTestExecutionListener, org.springframework.boot.test.autoconfigure.web.client.MockRestServiceServerResetTestExecutionListener, org.springframework.boot.test.autoconfigure.web.servlet.MockMvcPrintOnlyOnFailureTestExecutionListener, org.springframework.boot.test.autoconfigure.web.servlet.WebDriverTestExecutionListener, org.springframework.boot.test.mock.mockito.MockitoTestExecutionListener, org.springframework.boot.test.mock.mockito.ResetMocksTestExecutionListener, org.springframework.test.context.web.ServletTestExecutionListener, org.springframework.test.context.support.DirtiesContextBeforeModesTestExecutionListener, org.springframework.test.context.support.DependencyInjectionTestExecutionListener, org.springframework.test.context.support.DirtiesContextTestExecutionListener, org.springframework.test.context.transaction.TransactionalTestExecutionListener, org.springframework.test.context.jdbc.SqlScriptsTestExecutionListener]
19:50:55.980 [Test worker] DEBUG org.springframework.test.context.support.DefaultTestContextBootstrapper - Skipping candidate TestExecutionListener [org.springframework.test.context.web.ServletTestExecutionListener] due to a missing dependency. Specify custom listener classes or make the default listener classes and their required dependencies available. Offending class: [javax/servlet/ServletContext]
19:50:55.980 [Test worker] DEBUG org.springframework.test.context.support.DefaultTestContextBootstrapper - Skipping candidate TestExecutionListener [org.springframework.test.context.transaction.TransactionalTestExecutionListener] due to a missing dependency. Specify custom listener classes or make the default listener classes and their required dependencies available. Offending class: [org/springframework/transaction/interceptor/TransactionAttributeSource]
19:50:55.980 [Test worker] DEBUG org.springframework.test.context.support.DefaultTestContextBootstrapper - Skipping candidate TestExecutionListener [org.springframework.test.context.jdbc.SqlScriptsTestExecutionListener] due to a missing dependency. Specify custom listener classes or make the default listener classes and their required dependencies available. Offending class: [org/springframework/transaction/interceptor/TransactionAttribute]
19:50:55.980 [Test worker] INFO org.springframework.test.context.support.DefaultTestContextBootstrapper - Using TestExecutionListeners: [org.springframework.test.context.support.DirtiesContextBeforeModesTestExecutionListener@1ec3d662, org.springframework.boot.test.mock.mockito.MockitoTestExecutionListener@65140d5, org.springframework.test.context.support.DependencyInjectionTestExecutionListener@3b235c85, org.springframework.test.context.support.DirtiesContextTestExecutionListener@75f6a004, org.springframework.boot.test.autoconfigure.restdocs.RestDocsTestExecutionListener@7506081e, org.springframework.boot.test.autoconfigure.web.client.MockRestServiceServerResetTestExecutionListener@79ddb983, org.springframework.boot.test.autoconfigure.web.servlet.MockMvcPrintOnlyOnFailureTestExecutionListener@58bb1549, org.springframework.boot.test.autoconfigure.web.servlet.WebDriverTestExecutionListener@180d68da, org.springframework.boot.test.mock.mockito.ResetMocksTestExecutionListener@5d0ed53d]
19:50:55.980 [Test worker] DEBUG org.springframework.test.context.support.AbstractDirtiesContextTestExecutionListener - Before test class: context [DefaultTestContext@1b9c1b1b testClass = TestLLParser, testInstance = [null], testMethod = [null], testException = [null], mergedContextConfiguration = [MergedContextConfiguration@379cb5a3 testClass = TestLLParser, locations = '{}', classes = '{class ru.osipov.labs.lab3.TestLLParser}', contextInitializerClasses = '[]', activeProfiles = '{}', propertySourceLocations = '{}', propertySourceProperties = '{}', contextCustomizers = set[org.springframework.boot.test.autoconfigure.properties.PropertyMappingContextCustomizer@0, org.springframework.boot.test.autoconfigure.web.servlet.WebDriverContextCustomizerFactory$Customizer@f46c6c8, org.springframework.boot.test.context.filter.ExcludeFilterContextCustomizer@3354c2e1, org.springframework.boot.test.json.DuplicateJsonObjectContextCustomizerFactory$DuplicateJsonObjectContextCustomizer@6eb91113, org.springframework.boot.test.mock.mockito.MockitoContextCustomizer@0], contextLoader = 'org.springframework.test.context.support.DelegatingSmartContextLoader', parent = [null]], attributes = map[[empty]]], class annotated with @DirtiesContext [false] with mode [null].
19:50:55.995 [Test worker] DEBUG org.springframework.test.context.support.DependencyInjectionTestExecutionListener - Performing dependency injection for test context [[DefaultTestContext@1b9c1b1b testClass = TestLLParser, testInstance = ru.osipov.labs.lab3.TestLLParser@2f5d4355, testMethod = [null], testException = [null], mergedContextConfiguration = [MergedContextConfiguration@379cb5a3 testClass = TestLLParser, locations = '{}', classes = '{class ru.osipov.labs.lab3.TestLLParser}', contextInitializerClasses = '[]', activeProfiles = '{}', propertySourceLocations = '{}', propertySourceProperties = '{}', contextCustomizers = set[org.springframework.boot.test.autoconfigure.properties.PropertyMappingContextCustomizer@0, org.springframework.boot.test.autoconfigure.web.servlet.WebDriverContextCustomizerFactory$Customizer@f46c6c8, org.springframework.boot.test.context.filter.ExcludeFilterContextCustomizer@3354c2e1, org.springframework.boot.test.json.DuplicateJsonObjectContextCustomizerFactory$DuplicateJsonObjectContextCustomizer@6eb91113, org.springframework.boot.test.mock.mockito.MockitoContextCustomizer@0], contextLoader = 'org.springframework.test.context.support.DelegatingSmartContextLoader', parent = [null]], attributes = map[[empty]]]].
19:50:55.995 [Test worker] DEBUG org.springframework.test.context.support.AbstractDelegatingSmartContextLoader - Delegating to AnnotationConfigContextLoader to load context from [MergedContextConfiguration@379cb5a3 testClass = TestLLParser, locations = '{}', classes = '{class ru.osipov.labs.lab3.TestLLParser}', contextInitializerClasses = '[]', activeProfiles = '{}', propertySourceLocations = '{}', propertySourceProperties = '{}', contextCustomizers = set[org.springframework.boot.test.autoconfigure.properties.PropertyMappingContextCustomizer@0, org.springframework.boot.test.autoconfigure.web.servlet.WebDriverContextCustomizerFactory$Customizer@f46c6c8, org.springframework.boot.test.context.filter.ExcludeFilterContextCustomizer@3354c2e1, org.springframework.boot.test.json.DuplicateJsonObjectContextCustomizerFactory$DuplicateJsonObjectContextCustomizer@6eb91113, org.springframework.boot.test.mock.mockito.MockitoContextCustomizer@0], contextLoader = 'org.springframework.test.context.support.DelegatingSmartContextLoader', parent = [null]].
19:50:55.995 [Test worker] DEBUG org.springframework.test.context.support.AbstractGenericContextLoader - Loading ApplicationContext for merged context configuration [[MergedContextConfiguration@379cb5a3 testClass = TestLLParser, locations = '{}', classes = '{class ru.osipov.labs.lab3.TestLLParser}', contextInitializerClasses = '[]', activeProfiles = '{}', propertySourceLocations = '{}', propertySourceProperties = '{}', contextCustomizers = set[org.springframework.boot.test.autoconfigure.properties.PropertyMappingContextCustomizer@0, org.springframework.boot.test.autoconfigure.web.servlet.WebDriverContextCustomizerFactory$Customizer@f46c6c8, org.springframework.boot.test.context.filter.ExcludeFilterContextCustomizer@3354c2e1, org.springframework.boot.test.json.DuplicateJsonObjectContextCustomizerFactory$DuplicateJsonObjectContextCustomizer@6eb91113, org.springframework.boot.test.mock.mockito.MockitoContextCustomizer@0], contextLoader = 'org.springframework.test.context.support.DelegatingSmartContextLoader', parent = [null]]].
19:50:56.026 [Test worker] DEBUG org.springframework.core.env.StandardEnvironment - Activating profiles []
19:50:56.026 [Test worker] DEBUG org.springframework.test.context.support.AnnotationConfigContextLoader - Registering annotated classes: {class ru.osipov.labs.lab3.TestLLParser}
19:50:56.073 [Test worker] DEBUG org.springframework.context.support.GenericApplicationContext - Refreshing org.springframework.context.support.GenericApplicationContext@fa4aff3
19:50:56.105 [Test worker] DEBUG org.springframework.beans.factory.support.DefaultListableBeanFactory - Creating shared instance of singleton bean 'org.springframework.context.annotation.internalConfigurationAnnotationProcessor'
19:50:56.136 [Test worker] DEBUG org.springframework.beans.factory.support.DefaultListableBeanFactory - Creating shared instance of singleton bean 'org.springframework.boot.test.mock.mockito.MockitoPostProcessor'
19:50:56.151 [Test worker] DEBUG org.springframework.beans.factory.support.DefaultListableBeanFactory - Creating shared instance of singleton bean 'org.springframework.context.event.internalEventListenerProcessor'
19:50:56.151 [Test worker] DEBUG org.springframework.beans.factory.support.DefaultListableBeanFactory - Creating shared instance of singleton bean 'org.springframework.context.event.internalEventListenerFactory'
19:50:56.151 [Test worker] DEBUG org.springframework.beans.factory.support.DefaultListableBeanFactory - Creating shared instance of singleton bean 'org.springframework.context.annotation.internalAutowiredAnnotationProcessor'
19:50:56.151 [Test worker] DEBUG org.springframework.beans.factory.support.DefaultListableBeanFactory - Creating shared instance of singleton bean 'org.springframework.context.annotation.internalCommonAnnotationProcessor'
19:50:56.167 [Test worker] DEBUG org.springframework.beans.factory.support.DefaultListableBeanFactory - Creating shared instance of singleton bean 'org.springframework.boot.test.mock.mockito.MockitoPostProcessor$SpyPostProcessor'
19:50:56.183 [Test worker] DEBUG org.springframework.beans.factory.support.DefaultListableBeanFactory - Creating shared instance of singleton bean 'testLLParser'
19:50:56.198 [Test worker] DEBUG org.springframework.test.context.cache.DefaultCacheAwareContextLoaderDelegate - Storing ApplicationContext in cache under key [[MergedContextConfiguration@379cb5a3 testClass = TestLLParser, locations = '{}', classes = '{class ru.osipov.labs.lab3.TestLLParser}', contextInitializerClasses = '[]', activeProfiles = '{}', propertySourceLocations = '{}', propertySourceProperties = '{}', contextCustomizers = set[org.springframework.boot.test.autoconfigure.properties.PropertyMappingContextCustomizer@0, org.springframework.boot.test.autoconfigure.web.servlet.WebDriverContextCustomizerFactory$Customizer@f46c6c8, org.springframework.boot.test.context.filter.ExcludeFilterContextCustomizer@3354c2e1, org.springframework.boot.test.json.DuplicateJsonObjectContextCustomizerFactory$DuplicateJsonObjectContextCustomizer@6eb91113, org.springframework.boot.test.mock.mockito.MockitoContextCustomizer@0], contextLoader = 'org.springframework.test.context.support.DelegatingSmartContextLoader', parent = [null]]]
19:50:56.198 [Test worker] DEBUG org.springframework.test.context.cache - Spring test ApplicationContext cache statistics: [DefaultContextCache@65fc2475 size = 1, maxSize = 32, parentContextCount = 0, hitCount = 0, missCount = 1]
19:50:56.214 [Test worker] DEBUG org.springframework.test.context.support.AbstractDirtiesContextTestExecutionListener - Before test method: context [DefaultTestContext@1b9c1b1b testClass = TestLLParser, testInstance = ru.osipov.labs.lab3.TestLLParser@2f5d4355, testMethod = test3@TestLLParser, testException = [null], mergedContextConfiguration = [MergedContextConfiguration@379cb5a3 testClass = TestLLParser, locations = '{}', classes = '{class ru.osipov.labs.lab3.TestLLParser}', contextInitializerClasses = '[]', activeProfiles = '{}', propertySourceLocations = '{}', propertySourceProperties = '{}', contextCustomizers = set[org.springframework.boot.test.autoconfigure.properties.PropertyMappingContextCustomizer@0, org.springframework.boot.test.autoconfigure.web.servlet.WebDriverContextCustomizerFactory$Customizer@f46c6c8, org.springframework.boot.test.context.filter.ExcludeFilterContextCustomizer@3354c2e1, org.springframework.boot.test.json.DuplicateJsonObjectContextCustomizerFactory$DuplicateJsonObjectContextCustomizer@6eb91113, org.springframework.boot.test.mock.mockito.MockitoContextCustomizer@0], contextLoader = 'org.springframework.test.context.support.DelegatingSmartContextLoader', parent = [null]], attributes = map[[empty]]], class annotated with @DirtiesContext [false] with mode [null], method annotated with @DirtiesContext [false] with mode [null].
19:50:56.214 [Test worker] DEBUG org.springframework.test.context.cache.DefaultCacheAwareContextLoaderDelegate - Retrieved ApplicationContext from cache with key [[MergedContextConfiguration@379cb5a3 testClass = TestLLParser, locations = '{}', classes = '{class ru.osipov.labs.lab3.TestLLParser}', contextInitializerClasses = '[]', activeProfiles = '{}', propertySourceLocations = '{}', propertySourceProperties = '{}', contextCustomizers = set[org.springframework.boot.test.autoconfigure.properties.PropertyMappingContextCustomizer@0, org.springframework.boot.test.autoconfigure.web.servlet.WebDriverContextCustomizerFactory$Customizer@f46c6c8, org.springframework.boot.test.context.filter.ExcludeFilterContextCustomizer@3354c2e1, org.springframework.boot.test.json.DuplicateJsonObjectContextCustomizerFactory$DuplicateJsonObjectContextCustomizer@6eb91113, org.springframework.boot.test.mock.mockito.MockitoContextCustomizer@0], contextLoader = 'org.springframework.test.context.support.DelegatingSmartContextLoader', parent = [null]]]
19:50:56.214 [Test worker] DEBUG org.springframework.test.context.cache - Spring test ApplicationContext cache statistics: [DefaultContextCache@65fc2475 size = 1, maxSize = 32, parentContextCount = 0, hitCount = 1, missCount = 1]
C:\Users\Oleg\IdeaProjects\CompilerCoursePr
Source
Grammar
	T: [==, <=, realNum, <>, %, num, (, ), *, +, -, /, empty, {, ;, id, <, }, =, ^, >, >=]
	N: [P, PLUSOP, OP, B, AE, T, E, PE, F, OPLIST, RELOP, MULLOP]
	P {
		P -> B 
		OP -> id = E | B 
		PLUSOP -> + | - 
		B -> { OPLIST } 
		AE -> T | AE PLUSOP T | PLUSOP T 
		T -> F | T MULLOP F 
		E -> AE | AE RELOP AE 
		PE -> realNum | num | id | ( AE ) 
		OPLIST -> OP | OPLIST ; OP 
		F -> PE | F ^ PE 
		RELOP -> == | <= | <> | < | > | >= 
		MULLOP -> % | * | / 
	}
	Start: P
	N_g: [P, PLUSOP, OP, B, T, AE, PE, E, F, OPLIST, RELOP, MULLOP]
	N_e: []
Target G
Grammar
	T: [<=, <>, num, empty, id, ^, ==, realNum, %, (, ), *, +, -, /, {, ;, <, }, =, >, >=]
	N: [P_1, RELOP_7, AE_6, T_8, PLUSOP_9, F_10, E_5'1, PE_12, AE_6'2, F_10'1, OPLIST_3'1, OP_4, MULLOP_11, OPLIST_3, E_5, T_8'1]
	P {
		P_1 -> { OPLIST_3 } 
		RELOP_7 -> == | <= | <> | < | > | >= 
		PE_12 -> ( AE_6 ) | realNum | num | id 
		AE_6 -> T_8 AE_6'2 | PLUSOP_9 T_8 AE_6'2 
		AE_6'2 -> PLUSOP_9 T_8 AE_6'2 | empty 
		F_10'1 -> ^ PE_12 F_10'1 | empty 
		OPLIST_3'1 -> ; OP_4 OPLIST_3'1 | empty 
		T_8 -> F_10 T_8'1 
		PLUSOP_9 -> + | - 
		OP_4 -> id = E_5 | { OPLIST_3 } 
		MULLOP_11 -> % | * | / 
		OPLIST_3 -> OP_4 OPLIST_3'1 
		F_10 -> PE_12 F_10'1 
		E_5 -> AE_6 E_5'1 
		T_8'1 -> MULLOP_11 F_10 T_8'1 | empty 
		E_5'1 -> RELOP_7 AE_6 | empty 
	}
	Start: P_1
	N_g: [RELOP_7, PE_12, P_1, AE_6'2, AE_6, F_10'1, OPLIST_3'1, T_8, PLUSOP_9, OP_4, MULLOP_11, OPLIST_3, F_10, E_5, T_8'1, E_5'1]
	N_e: [AE_6'2, F_10'1, OPLIST_3'1, T_8'1, E_5'1]
[690, 196, 153, 682, 694, 199, 156, 211, 684, 201, 4, 213, 686, 148, 203, 688, 205, 679, 9, 207, 209]
Alpha: [%, (, ), *, +, -, ., /, 0, 1, 2, 3, 4, 5, 6, 7, 8, 9, ;, <, =, >, A, B, C, D, E, F, G, H, I, J, K, L, M, N, O, P, Q, R, S, T, U, V, W, X, Y, Z, ^, _, a, b, c, d, e, f, g, h, i, j, k, l, m, n, o, p, q, r, s, t, u, v, w, x, y, z, {, }]
States of NFA: 679
States of DFA: 170
Finished: 164
Dead: 8
IP = [[1, 147, 158, 159, 160], [144], [145], [170, 150, 161, 151, 162, 152, 163, 153, 164, 154, 165, 155, 166, 156, 167, 157, 168, 169, 148, 149], [146], [2], [11, 12, 13, 14, 15, 16, 17, 18, 19, 10], [3], [4], [5], [6], [7], [9], [88, 89, 110, 111, 112, 113, 114, 115, 116, 90, 117, 91, 118, 92, 119, 93, 94, 95, 96, 97, 98, 99, 120, 121, 122, 123, 124, 125, 126, 127, 128, 129, 24, 25, 26, 27, 28, 29, 130, 131, 132, 133, 134, 135, 136, 137, 138, 139, 30, 31, 32, 33, 34, 35, 36, 37, 38, 39, 140, 141, 142, 40, 41, 42, 43, 44, 45, 46, 47, 48, 49, 51, 52, 53, 54, 55, 56, 57, 58, 59, 60, 61, 62, 63, 64, 65, 66, 67, 68, 69, 70, 71, 72, 73, 74, 75, 76, 77, 100, 101, 102, 103, 104, 105, 106, 80, 107, 81, 108, 82, 109, 83, 84, 85, 86, 87], [20], [78], [21], [22], [79], [23], [50], [143]]
P = [[144], [145], [146], [2], [11, 12, 13, 14, 15, 16, 17, 18, 19, 10], [3], [4], [5], [6], [7], [9], [88, 89, 110, 111, 112, 113, 114, 115, 116, 90, 117, 91, 118, 92, 119, 93, 94, 95, 96, 97, 98, 99, 120, 121, 122, 123, 124, 125, 126, 127, 128, 129, 24, 25, 26, 27, 28, 29, 130, 131, 132, 133, 134, 135, 136, 137, 138, 139, 30, 31, 32, 33, 34, 35, 36, 37, 38, 39, 140, 141, 142, 40, 41, 42, 43, 44, 45, 46, 47, 48, 49, 51, 52, 53, 54, 55, 56, 57, 58, 59, 60, 61, 62, 63, 64, 65, 66, 67, 68, 69, 70, 71, 72, 73, 74, 75, 76, 77, 100, 101, 102, 103, 104, 105, 106, 80, 107, 81, 108, 82, 109, 83, 84, 85, 86, 87], [20], [78], [21], [22], [79], [23], [50], [143], [158, 159], [154, 155, 156, 157, 148, 149, 150, 151, 152, 153], [170, 161, 162, 163, 164, 165, 166, 167, 168, 169], [1], [147], [160]]
MinDFA States: 26
Patterns (F): 22
19:50:59.230 [Test worker] INFO guru.nidi.graphviz.service.CommandLineExecutor - executing command [cmd, /C, dot.exe -Tsvg C:\Users\Oleg\AppData\Local\Temp\GraphvizJava\DotEngine8083337263971314072\dotfile.dot -ooutfile.svg]
19:50:59.230 [Test worker] DEBUG guru.nidi.graphviz.service.CommandLineExecutor - workdir: C:\Users\Oleg\AppData\Local\Temp\GraphvizJava\DotEngine8083337263971314072
{P_1{}}{OPLIST_3{OPLIST_3'1{OPLIST_3'1{OPLIST_3'1{empty}}{OP_4{}}{OPLIST_3{OPLIST_3'1{empty}}{OP_4{E_5{E_5'1{AE_6{AE_6'2{AE_6'2{empty}}{T_8{T_8'1{T_8'1{empty}}{F_10{F_10'1{empty}}{PE_12{id}}}{MULLOP_11{*}}}{F_10{F_10'1{empty}}{PE_12{id}}}}{PLUSOP_9{+}}}{T_8{T_8'1{empty}}{F_10{F_10'1{empty}}{PE_12{25}}}}}{RELOP_7{<=}}}{AE_6{AE_6'2{empty}}{T_8{T_8'1{empty}}{F_10{F_10'1{empty}}{PE_12{25.34}}}}}}{=}{id}}}{{}}{;}}{OP_4{E_5{E_5'1{empty}}{AE_6{AE_6'2{empty}}{T_8{T_8'1{empty}}{F_10{F_10'1{F_10'1{empty}}{PE_12{25}}{^}}{PE_12{id}}}}}}{=}{id}}{;}}{OP_4{E_5{E_5'1{AE_6{AE_6'2{empty}}{T_8{T_8'1{empty}}{F_10{F_10'1{F_10'1{empty}}{PE_12{i}}{^}}{PE_12{25.2E-11}}}}}{RELOP_7{<>}}}{AE_6{AE_6'2{AE_6'2{empty}}{T_8{T_8'1{T_8'1{empty}}{F_10{F_10'1{empty}}{PE_12{id}}}{MULLOP_11{*}}}{F_10{F_10'1{empty}}{PE_12{id}}}}{PLUSOP_9{+}}}{T_8{T_8'1{empty}}{F_10{F_10'1{empty}}{PE_12{id}}}}}}{=}{id}}}{{}}
19:51:00.386 [Test worker] INFO guru.nidi.graphviz.service.CommandLineExecutor - executing command [cmd, /C, dot.exe -Tsvg C:\Users\Oleg\AppData\Local\Temp\GraphvizJava\DotEngine7287058873786050040\dotfile.dot -ooutfile.svg]
19:51:00.386 [Test worker] DEBUG guru.nidi.graphviz.service.CommandLineExecutor - workdir: C:\Users\Oleg\AppData\Local\Temp\GraphvizJava\DotEngine7287058873786050040
19:51:01.245 [Test worker] DEBUG org.springframework.test.context.cache.DefaultCacheAwareContextLoaderDelegate - Retrieved ApplicationContext from cache with key [[MergedContextConfiguration@379cb5a3 testClass = TestLLParser, locations = '{}', classes = '{class ru.osipov.labs.lab3.TestLLParser}', contextInitializerClasses = '[]', activeProfiles = '{}', propertySourceLocations = '{}', propertySourceProperties = '{}', contextCustomizers = set[org.springframework.boot.test.autoconfigure.properties.PropertyMappingContextCustomizer@0, org.springframework.boot.test.autoconfigure.web.servlet.WebDriverContextCustomizerFactory$Customizer@f46c6c8, org.springframework.boot.test.context.filter.ExcludeFilterContextCustomizer@3354c2e1, org.springframework.boot.test.json.DuplicateJsonObjectContextCustomizerFactory$DuplicateJsonObjectContextCustomizer@6eb91113, org.springframework.boot.test.mock.mockito.MockitoContextCustomizer@0], contextLoader = 'org.springframework.test.context.support.DelegatingSmartContextLoader', parent = [null]]]
19:51:01.245 [Test worker] DEBUG org.springframework.test.context.cache - Spring test ApplicationContext cache statistics: [DefaultContextCache@65fc2475 size = 1, maxSize = 32, parentContextCount = 0, hitCount = 2, missCount = 1]
19:51:01.245 [Test worker] DEBUG org.springframework.test.context.cache.DefaultCacheAwareContextLoaderDelegate - Retrieved ApplicationContext from cache with key [[MergedContextConfiguration@379cb5a3 testClass = TestLLParser, locations = '{}', classes = '{class ru.osipov.labs.lab3.TestLLParser}', contextInitializerClasses = '[]', activeProfiles = '{}', propertySourceLocations = '{}', propertySourceProperties = '{}', contextCustomizers = set[org.springframework.boot.test.autoconfigure.properties.PropertyMappingContextCustomizer@0, org.springframework.boot.test.autoconfigure.web.servlet.WebDriverContextCustomizerFactory$Customizer@f46c6c8, org.springframework.boot.test.context.filter.ExcludeFilterContextCustomizer@3354c2e1, org.springframework.boot.test.json.DuplicateJsonObjectContextCustomizerFactory$DuplicateJsonObjectContextCustomizer@6eb91113, org.springframework.boot.test.mock.mockito.MockitoContextCustomizer@0], contextLoader = 'org.springframework.test.context.support.DelegatingSmartContextLoader', parent = [null]]]
19:51:01.245 [Test worker] DEBUG org.springframework.test.context.cache - Spring test ApplicationContext cache statistics: [DefaultContextCache@65fc2475 size = 1, maxSize = 32, parentContextCount = 0, hitCount = 3, missCount = 1]
19:51:01.245 [Test worker] DEBUG org.springframework.test.context.cache.DefaultCacheAwareContextLoaderDelegate - Retrieved ApplicationContext from cache with key [[MergedContextConfiguration@379cb5a3 testClass = TestLLParser, locations = '{}', classes = '{class ru.osipov.labs.lab3.TestLLParser}', contextInitializerClasses = '[]', activeProfiles = '{}', propertySourceLocations = '{}', propertySourceProperties = '{}', contextCustomizers = set[org.springframework.boot.test.autoconfigure.properties.PropertyMappingContextCustomizer@0, org.springframework.boot.test.autoconfigure.web.servlet.WebDriverContextCustomizerFactory$Customizer@f46c6c8, org.springframework.boot.test.context.filter.ExcludeFilterContextCustomizer@3354c2e1, org.springframework.boot.test.json.DuplicateJsonObjectContextCustomizerFactory$DuplicateJsonObjectContextCustomizer@6eb91113, org.springframework.boot.test.mock.mockito.MockitoContextCustomizer@0], contextLoader = 'org.springframework.test.context.support.DelegatingSmartContextLoader', parent = [null]]]
19:51:01.245 [Test worker] DEBUG org.springframework.test.context.cache - Spring test ApplicationContext cache statistics: [DefaultContextCache@65fc2475 size = 1, maxSize = 32, parentContextCount = 0, hitCount = 4, missCount = 1]
19:51:01.245 [Test worker] DEBUG org.springframework.test.context.cache.DefaultCacheAwareContextLoaderDelegate - Retrieved ApplicationContext from cache with key [[MergedContextConfiguration@379cb5a3 testClass = TestLLParser, locations = '{}', classes = '{class ru.osipov.labs.lab3.TestLLParser}', contextInitializerClasses = '[]', activeProfiles = '{}', propertySourceLocations = '{}', propertySourceProperties = '{}', contextCustomizers = set[org.springframework.boot.test.autoconfigure.properties.PropertyMappingContextCustomizer@0, org.springframework.boot.test.autoconfigure.web.servlet.WebDriverContextCustomizerFactory$Customizer@f46c6c8, org.springframework.boot.test.context.filter.ExcludeFilterContextCustomizer@3354c2e1, org.springframework.boot.test.json.DuplicateJsonObjectContextCustomizerFactory$DuplicateJsonObjectContextCustomizer@6eb91113, org.springframework.boot.test.mock.mockito.MockitoContextCustomizer@0], contextLoader = 'org.springframework.test.context.support.DelegatingSmartContextLoader', parent = [null]]]
19:51:01.245 [Test worker] DEBUG org.springframework.test.context.cache - Spring test ApplicationContext cache statistics: [DefaultContextCache@65fc2475 size = 1, maxSize = 32, parentContextCount = 0, hitCount = 5, missCount = 1]
19:51:01.245 [Test worker] DEBUG org.springframework.test.context.support.AbstractDirtiesContextTestExecutionListener - After test method: context [DefaultTestContext@1b9c1b1b testClass = TestLLParser, testInstance = ru.osipov.labs.lab3.TestLLParser@2f5d4355, testMethod = test3@TestLLParser, testException = [null], mergedContextConfiguration = [MergedContextConfiguration@379cb5a3 testClass = TestLLParser, locations = '{}', classes = '{class ru.osipov.labs.lab3.TestLLParser}', contextInitializerClasses = '[]', activeProfiles = '{}', propertySourceLocations = '{}', propertySourceProperties = '{}', contextCustomizers = set[org.springframework.boot.test.autoconfigure.properties.PropertyMappingContextCustomizer@0, org.springframework.boot.test.autoconfigure.web.servlet.WebDriverContextCustomizerFactory$Customizer@f46c6c8, org.springframework.boot.test.context.filter.ExcludeFilterContextCustomizer@3354c2e1, org.springframework.boot.test.json.DuplicateJsonObjectContextCustomizerFactory$DuplicateJsonObjectContextCustomizer@6eb91113, org.springframework.boot.test.mock.mockito.MockitoContextCustomizer@0], contextLoader = 'org.springframework.test.context.support.DelegatingSmartContextLoader', parent = [null]], attributes = map[[empty]]], class annotated with @DirtiesContext [false] with mode [null], method annotated with @DirtiesContext [false] with mode [null].
19:51:01.245 [Test worker] DEBUG org.springframework.test.context.support.AbstractDirtiesContextTestExecutionListener - After test class: context [DefaultTestContext@1b9c1b1b testClass = TestLLParser, testInstance = [null], testMethod = [null], testException = [null], mergedContextConfiguration = [MergedContextConfiguration@379cb5a3 testClass = TestLLParser, locations = '{}', classes = '{class ru.osipov.labs.lab3.TestLLParser}', contextInitializerClasses = '[]', activeProfiles = '{}', propertySourceLocations = '{}', propertySourceProperties = '{}', contextCustomizers = set[org.springframework.boot.test.autoconfigure.properties.PropertyMappingContextCustomizer@0, org.springframework.boot.test.autoconfigure.web.servlet.WebDriverContextCustomizerFactory$Customizer@f46c6c8, org.springframework.boot.test.context.filter.ExcludeFilterContextCustomizer@3354c2e1, org.springframework.boot.test.json.DuplicateJsonObjectContextCustomizerFactory$DuplicateJsonObjectContextCustomizer@6eb91113, org.springframework.boot.test.mock.mockito.MockitoContextCustomizer@0], contextLoader = 'org.springframework.test.context.support.DelegatingSmartContextLoader', parent = [null]], attributes = map[[empty]]], class annotated with @DirtiesContext [false] with mode [null].
]]></system-out>
  <system-err><![CDATA[]]></system-err>
</testsuite>
