<?xml version="1.0" encoding="UTF-8"?>
<testsuite name="ru.osipov.labs.lab2.TestLeftRecursion" tests="1" skipped="0" failures="0" errors="0" timestamp="2020-04-12T13:34:46" hostname="oleg" time="0.331">
  <properties/>
  <testcase name="testRec2()" classname="ru.osipov.labs.lab2.TestLeftRecursion" time="0.331"/>
  <system-out><![CDATA[16:34:45.621 [Test worker] DEBUG org.springframework.test.context.BootstrapUtils - Instantiating CacheAwareContextLoaderDelegate from class [org.springframework.test.context.cache.DefaultCacheAwareContextLoaderDelegate]
16:34:45.637 [Test worker] DEBUG org.springframework.test.context.BootstrapUtils - Instantiating BootstrapContext using constructor [public org.springframework.test.context.support.DefaultBootstrapContext(java.lang.Class,org.springframework.test.context.CacheAwareContextLoaderDelegate)]
16:34:45.653 [Test worker] DEBUG org.springframework.test.context.BootstrapUtils - Instantiating TestContextBootstrapper for test class [ru.osipov.labs.lab2.TestLeftRecursion] from class [org.springframework.test.context.support.DefaultTestContextBootstrapper]
16:34:45.700 [Test worker] DEBUG org.springframework.test.context.support.AbstractDelegatingSmartContextLoader - Delegating to AnnotationConfigContextLoader to process context configuration [ContextConfigurationAttributes@19685822 declaringClass = 'ru.osipov.labs.lab2.TestLeftRecursion', classes = '{class ru.osipov.labs.lab2.TestLeftRecursion}', locations = '{}', inheritLocations = true, initializers = '{}', inheritInitializers = true, name = [null], contextLoaderClass = 'org.springframework.test.context.ContextLoader'].
16:34:45.762 [Test worker] DEBUG org.springframework.test.context.support.ActiveProfilesUtils - Could not find an 'annotation declaring class' for annotation type [org.springframework.test.context.ActiveProfiles] and class [ru.osipov.labs.lab2.TestLeftRecursion]
16:34:45.762 [Test worker] DEBUG org.springframework.test.context.support.DefaultTestContextBootstrapper - @TestExecutionListeners is not present for class [ru.osipov.labs.lab2.TestLeftRecursion]: using defaults.
16:34:45.762 [Test worker] INFO org.springframework.test.context.support.DefaultTestContextBootstrapper - Loaded default TestExecutionListener class names from location [META-INF/spring.factories]: [org.springframework.boot.test.autoconfigure.restdocs.RestDocsTestExecutionListener, org.springframework.boot.test.autoconfigure.web.client.MockRestServiceServerResetTestExecutionListener, org.springframework.boot.test.autoconfigure.web.servlet.MockMvcPrintOnlyOnFailureTestExecutionListener, org.springframework.boot.test.autoconfigure.web.servlet.WebDriverTestExecutionListener, org.springframework.boot.test.mock.mockito.MockitoTestExecutionListener, org.springframework.boot.test.mock.mockito.ResetMocksTestExecutionListener, org.springframework.test.context.web.ServletTestExecutionListener, org.springframework.test.context.support.DirtiesContextBeforeModesTestExecutionListener, org.springframework.test.context.support.DependencyInjectionTestExecutionListener, org.springframework.test.context.support.DirtiesContextTestExecutionListener, org.springframework.test.context.transaction.TransactionalTestExecutionListener, org.springframework.test.context.jdbc.SqlScriptsTestExecutionListener]
16:34:45.778 [Test worker] DEBUG org.springframework.test.context.support.DefaultTestContextBootstrapper - Skipping candidate TestExecutionListener [org.springframework.test.context.web.ServletTestExecutionListener] due to a missing dependency. Specify custom listener classes or make the default listener classes and their required dependencies available. Offending class: [javax/servlet/ServletContext]
16:34:45.778 [Test worker] DEBUG org.springframework.test.context.support.DefaultTestContextBootstrapper - Skipping candidate TestExecutionListener [org.springframework.test.context.transaction.TransactionalTestExecutionListener] due to a missing dependency. Specify custom listener classes or make the default listener classes and their required dependencies available. Offending class: [org/springframework/transaction/interceptor/TransactionAttributeSource]
16:34:45.778 [Test worker] DEBUG org.springframework.test.context.support.DefaultTestContextBootstrapper - Skipping candidate TestExecutionListener [org.springframework.test.context.jdbc.SqlScriptsTestExecutionListener] due to a missing dependency. Specify custom listener classes or make the default listener classes and their required dependencies available. Offending class: [org/springframework/transaction/interceptor/TransactionAttribute]
16:34:45.778 [Test worker] INFO org.springframework.test.context.support.DefaultTestContextBootstrapper - Using TestExecutionListeners: [org.springframework.test.context.support.DirtiesContextBeforeModesTestExecutionListener@42693a31, org.springframework.boot.test.mock.mockito.MockitoTestExecutionListener@3e3f48cf, org.springframework.test.context.support.DependencyInjectionTestExecutionListener@7f8ed2a8, org.springframework.test.context.support.DirtiesContextTestExecutionListener@d789d64, org.springframework.boot.test.autoconfigure.restdocs.RestDocsTestExecutionListener@6cb9648, org.springframework.boot.test.autoconfigure.web.client.MockRestServiceServerResetTestExecutionListener@4276df6e, org.springframework.boot.test.autoconfigure.web.servlet.MockMvcPrintOnlyOnFailureTestExecutionListener@4b644e1a, org.springframework.boot.test.autoconfigure.web.servlet.WebDriverTestExecutionListener@23e79af, org.springframework.boot.test.mock.mockito.ResetMocksTestExecutionListener@581dd676]
16:34:45.778 [Test worker] DEBUG org.springframework.test.context.support.AbstractDirtiesContextTestExecutionListener - Before test class: context [DefaultTestContext@7839f07 testClass = TestLeftRecursion, testInstance = [null], testMethod = [null], testException = [null], mergedContextConfiguration = [MergedContextConfiguration@6fa5d3c4 testClass = TestLeftRecursion, locations = '{}', classes = '{class ru.osipov.labs.lab2.TestLeftRecursion}', contextInitializerClasses = '[]', activeProfiles = '{}', propertySourceLocations = '{}', propertySourceProperties = '{}', contextCustomizers = set[org.springframework.boot.test.autoconfigure.properties.PropertyMappingContextCustomizer@0, org.springframework.boot.test.autoconfigure.web.servlet.WebDriverContextCustomizerFactory$Customizer@2d6a0d7a, org.springframework.boot.test.context.filter.ExcludeFilterContextCustomizer@31c8fdf4, org.springframework.boot.test.json.DuplicateJsonObjectContextCustomizerFactory$DuplicateJsonObjectContextCustomizer@7e93146, org.springframework.boot.test.mock.mockito.MockitoContextCustomizer@0], contextLoader = 'org.springframework.test.context.support.DelegatingSmartContextLoader', parent = [null]], attributes = map[[empty]]], class annotated with @DirtiesContext [false] with mode [null].
16:34:45.793 [Test worker] DEBUG org.springframework.test.context.support.DependencyInjectionTestExecutionListener - Performing dependency injection for test context [[DefaultTestContext@7839f07 testClass = TestLeftRecursion, testInstance = ru.osipov.labs.lab2.TestLeftRecursion@252632f9, testMethod = [null], testException = [null], mergedContextConfiguration = [MergedContextConfiguration@6fa5d3c4 testClass = TestLeftRecursion, locations = '{}', classes = '{class ru.osipov.labs.lab2.TestLeftRecursion}', contextInitializerClasses = '[]', activeProfiles = '{}', propertySourceLocations = '{}', propertySourceProperties = '{}', contextCustomizers = set[org.springframework.boot.test.autoconfigure.properties.PropertyMappingContextCustomizer@0, org.springframework.boot.test.autoconfigure.web.servlet.WebDriverContextCustomizerFactory$Customizer@2d6a0d7a, org.springframework.boot.test.context.filter.ExcludeFilterContextCustomizer@31c8fdf4, org.springframework.boot.test.json.DuplicateJsonObjectContextCustomizerFactory$DuplicateJsonObjectContextCustomizer@7e93146, org.springframework.boot.test.mock.mockito.MockitoContextCustomizer@0], contextLoader = 'org.springframework.test.context.support.DelegatingSmartContextLoader', parent = [null]], attributes = map[[empty]]]].
16:34:45.793 [Test worker] DEBUG org.springframework.test.context.support.AbstractDelegatingSmartContextLoader - Delegating to AnnotationConfigContextLoader to load context from [MergedContextConfiguration@6fa5d3c4 testClass = TestLeftRecursion, locations = '{}', classes = '{class ru.osipov.labs.lab2.TestLeftRecursion}', contextInitializerClasses = '[]', activeProfiles = '{}', propertySourceLocations = '{}', propertySourceProperties = '{}', contextCustomizers = set[org.springframework.boot.test.autoconfigure.properties.PropertyMappingContextCustomizer@0, org.springframework.boot.test.autoconfigure.web.servlet.WebDriverContextCustomizerFactory$Customizer@2d6a0d7a, org.springframework.boot.test.context.filter.ExcludeFilterContextCustomizer@31c8fdf4, org.springframework.boot.test.json.DuplicateJsonObjectContextCustomizerFactory$DuplicateJsonObjectContextCustomizer@7e93146, org.springframework.boot.test.mock.mockito.MockitoContextCustomizer@0], contextLoader = 'org.springframework.test.context.support.DelegatingSmartContextLoader', parent = [null]].
16:34:45.809 [Test worker] DEBUG org.springframework.test.context.support.AbstractGenericContextLoader - Loading ApplicationContext for merged context configuration [[MergedContextConfiguration@6fa5d3c4 testClass = TestLeftRecursion, locations = '{}', classes = '{class ru.osipov.labs.lab2.TestLeftRecursion}', contextInitializerClasses = '[]', activeProfiles = '{}', propertySourceLocations = '{}', propertySourceProperties = '{}', contextCustomizers = set[org.springframework.boot.test.autoconfigure.properties.PropertyMappingContextCustomizer@0, org.springframework.boot.test.autoconfigure.web.servlet.WebDriverContextCustomizerFactory$Customizer@2d6a0d7a, org.springframework.boot.test.context.filter.ExcludeFilterContextCustomizer@31c8fdf4, org.springframework.boot.test.json.DuplicateJsonObjectContextCustomizerFactory$DuplicateJsonObjectContextCustomizer@7e93146, org.springframework.boot.test.mock.mockito.MockitoContextCustomizer@0], contextLoader = 'org.springframework.test.context.support.DelegatingSmartContextLoader', parent = [null]]].
16:34:45.856 [Test worker] DEBUG org.springframework.core.env.StandardEnvironment - Activating profiles []
16:34:45.856 [Test worker] DEBUG org.springframework.test.context.support.AnnotationConfigContextLoader - Registering annotated classes: {class ru.osipov.labs.lab2.TestLeftRecursion}
16:34:45.918 [Test worker] DEBUG org.springframework.context.support.GenericApplicationContext - Refreshing org.springframework.context.support.GenericApplicationContext@5095986e
16:34:45.950 [Test worker] DEBUG org.springframework.beans.factory.support.DefaultListableBeanFactory - Creating shared instance of singleton bean 'org.springframework.context.annotation.internalConfigurationAnnotationProcessor'
16:34:45.996 [Test worker] DEBUG org.springframework.beans.factory.support.DefaultListableBeanFactory - Creating shared instance of singleton bean 'org.springframework.boot.test.mock.mockito.MockitoPostProcessor'
16:34:46.028 [Test worker] DEBUG org.springframework.beans.factory.support.DefaultListableBeanFactory - Creating shared instance of singleton bean 'org.springframework.context.event.internalEventListenerProcessor'
16:34:46.028 [Test worker] DEBUG org.springframework.beans.factory.support.DefaultListableBeanFactory - Creating shared instance of singleton bean 'org.springframework.context.event.internalEventListenerFactory'
16:34:46.028 [Test worker] DEBUG org.springframework.beans.factory.support.DefaultListableBeanFactory - Creating shared instance of singleton bean 'org.springframework.context.annotation.internalAutowiredAnnotationProcessor'
16:34:46.028 [Test worker] DEBUG org.springframework.beans.factory.support.DefaultListableBeanFactory - Creating shared instance of singleton bean 'org.springframework.context.annotation.internalCommonAnnotationProcessor'
16:34:46.043 [Test worker] DEBUG org.springframework.beans.factory.support.DefaultListableBeanFactory - Creating shared instance of singleton bean 'org.springframework.boot.test.mock.mockito.MockitoPostProcessor$SpyPostProcessor'
16:34:46.059 [Test worker] DEBUG org.springframework.beans.factory.support.DefaultListableBeanFactory - Creating shared instance of singleton bean 'testLeftRecursion'
16:34:46.090 [Test worker] DEBUG org.springframework.test.context.cache.DefaultCacheAwareContextLoaderDelegate - Storing ApplicationContext in cache under key [[MergedContextConfiguration@6fa5d3c4 testClass = TestLeftRecursion, locations = '{}', classes = '{class ru.osipov.labs.lab2.TestLeftRecursion}', contextInitializerClasses = '[]', activeProfiles = '{}', propertySourceLocations = '{}', propertySourceProperties = '{}', contextCustomizers = set[org.springframework.boot.test.autoconfigure.properties.PropertyMappingContextCustomizer@0, org.springframework.boot.test.autoconfigure.web.servlet.WebDriverContextCustomizerFactory$Customizer@2d6a0d7a, org.springframework.boot.test.context.filter.ExcludeFilterContextCustomizer@31c8fdf4, org.springframework.boot.test.json.DuplicateJsonObjectContextCustomizerFactory$DuplicateJsonObjectContextCustomizer@7e93146, org.springframework.boot.test.mock.mockito.MockitoContextCustomizer@0], contextLoader = 'org.springframework.test.context.support.DelegatingSmartContextLoader', parent = [null]]]
16:34:46.090 [Test worker] DEBUG org.springframework.test.context.cache - Spring test ApplicationContext cache statistics: [DefaultContextCache@616889a6 size = 1, maxSize = 32, parentContextCount = 0, hitCount = 0, missCount = 1]
16:34:46.106 [Test worker] DEBUG org.springframework.test.context.support.AbstractDirtiesContextTestExecutionListener - Before test method: context [DefaultTestContext@7839f07 testClass = TestLeftRecursion, testInstance = ru.osipov.labs.lab2.TestLeftRecursion@252632f9, testMethod = testRec2@TestLeftRecursion, testException = [null], mergedContextConfiguration = [MergedContextConfiguration@6fa5d3c4 testClass = TestLeftRecursion, locations = '{}', classes = '{class ru.osipov.labs.lab2.TestLeftRecursion}', contextInitializerClasses = '[]', activeProfiles = '{}', propertySourceLocations = '{}', propertySourceProperties = '{}', contextCustomizers = set[org.springframework.boot.test.autoconfigure.properties.PropertyMappingContextCustomizer@0, org.springframework.boot.test.autoconfigure.web.servlet.WebDriverContextCustomizerFactory$Customizer@2d6a0d7a, org.springframework.boot.test.context.filter.ExcludeFilterContextCustomizer@31c8fdf4, org.springframework.boot.test.json.DuplicateJsonObjectContextCustomizerFactory$DuplicateJsonObjectContextCustomizer@7e93146, org.springframework.boot.test.mock.mockito.MockitoContextCustomizer@0], contextLoader = 'org.springframework.test.context.support.DelegatingSmartContextLoader', parent = [null]], attributes = map[[empty]]], class annotated with @DirtiesContext [false] with mode [null], method annotated with @DirtiesContext [false] with mode [null].
16:34:46.106 [Test worker] DEBUG org.springframework.test.context.cache.DefaultCacheAwareContextLoaderDelegate - Retrieved ApplicationContext from cache with key [[MergedContextConfiguration@6fa5d3c4 testClass = TestLeftRecursion, locations = '{}', classes = '{class ru.osipov.labs.lab2.TestLeftRecursion}', contextInitializerClasses = '[]', activeProfiles = '{}', propertySourceLocations = '{}', propertySourceProperties = '{}', contextCustomizers = set[org.springframework.boot.test.autoconfigure.properties.PropertyMappingContextCustomizer@0, org.springframework.boot.test.autoconfigure.web.servlet.WebDriverContextCustomizerFactory$Customizer@2d6a0d7a, org.springframework.boot.test.context.filter.ExcludeFilterContextCustomizer@31c8fdf4, org.springframework.boot.test.json.DuplicateJsonObjectContextCustomizerFactory$DuplicateJsonObjectContextCustomizer@7e93146, org.springframework.boot.test.mock.mockito.MockitoContextCustomizer@0], contextLoader = 'org.springframework.test.context.support.DelegatingSmartContextLoader', parent = [null]]]
16:34:46.106 [Test worker] DEBUG org.springframework.test.context.cache - Spring test ApplicationContext cache statistics: [DefaultContextCache@616889a6 size = 1, maxSize = 32, parentContextCount = 0, hitCount = 1, missCount = 1]
C:\Users\Oleg\IdeaProjects\CompilerCoursePr
Source
Grammar
	T: [e, (, ), *, +, id]
	N: [T, E, F]
	P {
		E -> T|E+T
		T -> T*F|F
		F -> id|(E)
	}
	Start: E
	N_g: [T, E, F]
	N_e: []
G without chained rules
Grammar
	T: [e, (, ), *, +, id]
	N: [T, E, F]
	P {
		E -> T*F|id|(E)|E+T
		T -> T*F|id|(E)
		F -> id|(E)
	}
	Start: E
	N_g: [T, E, F]
	N_e: []
Target
Grammar
	T: [(, ), *, id, +]
	N: [E_1', E_1, T_2, T_2', F_3]
	P {
		E_1 -> idE_1'|(E_1)E_1'|T_2*F_3|id|T_2*F_3E_1'|(E_1)
		E_1' -> +T_2E_1'|+T_2
		T_2 -> (E_1)T_2'|id|idT_2'|(E_1)
		T_2' -> *F_3|*F_3T_2'
		F_3 -> id|(E_1)
	}
	Start: E_1
	N_g: [E_1', E_1, T_2, T_2', F_3]
	N_e: []
Delete preffix
Grammar
	T: [e, (, ), *, id, +]
	N: [E_1, T_2, E_1'1, T_2'2, F_3]
	P {
		E_1 -> T_2*F_3E_1'1|(E_1)E_1'1|idE_1'1
		T_2 -> (E_1)T_2'2|idT_2'2
		E_1'1 -> e|+T_2E_1'1
		T_2'2 -> e|*F_3T_2'2
		F_3 -> id|(E_1)
	}
	Start: E_1
	N_g: [E_1, T_2, E_1'1, T_2'2, F_3]
	N_e: [E_1'1, T_2'2]
3 : 3 : 5 : 5
16:34:46.418 [Test worker] DEBUG org.springframework.test.context.cache.DefaultCacheAwareContextLoaderDelegate - Retrieved ApplicationContext from cache with key [[MergedContextConfiguration@6fa5d3c4 testClass = TestLeftRecursion, locations = '{}', classes = '{class ru.osipov.labs.lab2.TestLeftRecursion}', contextInitializerClasses = '[]', activeProfiles = '{}', propertySourceLocations = '{}', propertySourceProperties = '{}', contextCustomizers = set[org.springframework.boot.test.autoconfigure.properties.PropertyMappingContextCustomizer@0, org.springframework.boot.test.autoconfigure.web.servlet.WebDriverContextCustomizerFactory$Customizer@2d6a0d7a, org.springframework.boot.test.context.filter.ExcludeFilterContextCustomizer@31c8fdf4, org.springframework.boot.test.json.DuplicateJsonObjectContextCustomizerFactory$DuplicateJsonObjectContextCustomizer@7e93146, org.springframework.boot.test.mock.mockito.MockitoContextCustomizer@0], contextLoader = 'org.springframework.test.context.support.DelegatingSmartContextLoader', parent = [null]]]
16:34:46.418 [Test worker] DEBUG org.springframework.test.context.cache - Spring test ApplicationContext cache statistics: [DefaultContextCache@616889a6 size = 1, maxSize = 32, parentContextCount = 0, hitCount = 2, missCount = 1]
16:34:46.418 [Test worker] DEBUG org.springframework.test.context.cache.DefaultCacheAwareContextLoaderDelegate - Retrieved ApplicationContext from cache with key [[MergedContextConfiguration@6fa5d3c4 testClass = TestLeftRecursion, locations = '{}', classes = '{class ru.osipov.labs.lab2.TestLeftRecursion}', contextInitializerClasses = '[]', activeProfiles = '{}', propertySourceLocations = '{}', propertySourceProperties = '{}', contextCustomizers = set[org.springframework.boot.test.autoconfigure.properties.PropertyMappingContextCustomizer@0, org.springframework.boot.test.autoconfigure.web.servlet.WebDriverContextCustomizerFactory$Customizer@2d6a0d7a, org.springframework.boot.test.context.filter.ExcludeFilterContextCustomizer@31c8fdf4, org.springframework.boot.test.json.DuplicateJsonObjectContextCustomizerFactory$DuplicateJsonObjectContextCustomizer@7e93146, org.springframework.boot.test.mock.mockito.MockitoContextCustomizer@0], contextLoader = 'org.springframework.test.context.support.DelegatingSmartContextLoader', parent = [null]]]
16:34:46.418 [Test worker] DEBUG org.springframework.test.context.cache - Spring test ApplicationContext cache statistics: [DefaultContextCache@616889a6 size = 1, maxSize = 32, parentContextCount = 0, hitCount = 3, missCount = 1]
16:34:46.418 [Test worker] DEBUG org.springframework.test.context.cache.DefaultCacheAwareContextLoaderDelegate - Retrieved ApplicationContext from cache with key [[MergedContextConfiguration@6fa5d3c4 testClass = TestLeftRecursion, locations = '{}', classes = '{class ru.osipov.labs.lab2.TestLeftRecursion}', contextInitializerClasses = '[]', activeProfiles = '{}', propertySourceLocations = '{}', propertySourceProperties = '{}', contextCustomizers = set[org.springframework.boot.test.autoconfigure.properties.PropertyMappingContextCustomizer@0, org.springframework.boot.test.autoconfigure.web.servlet.WebDriverContextCustomizerFactory$Customizer@2d6a0d7a, org.springframework.boot.test.context.filter.ExcludeFilterContextCustomizer@31c8fdf4, org.springframework.boot.test.json.DuplicateJsonObjectContextCustomizerFactory$DuplicateJsonObjectContextCustomizer@7e93146, org.springframework.boot.test.mock.mockito.MockitoContextCustomizer@0], contextLoader = 'org.springframework.test.context.support.DelegatingSmartContextLoader', parent = [null]]]
16:34:46.418 [Test worker] DEBUG org.springframework.test.context.cache - Spring test ApplicationContext cache statistics: [DefaultContextCache@616889a6 size = 1, maxSize = 32, parentContextCount = 0, hitCount = 4, missCount = 1]
16:34:46.418 [Test worker] DEBUG org.springframework.test.context.cache.DefaultCacheAwareContextLoaderDelegate - Retrieved ApplicationContext from cache with key [[MergedContextConfiguration@6fa5d3c4 testClass = TestLeftRecursion, locations = '{}', classes = '{class ru.osipov.labs.lab2.TestLeftRecursion}', contextInitializerClasses = '[]', activeProfiles = '{}', propertySourceLocations = '{}', propertySourceProperties = '{}', contextCustomizers = set[org.springframework.boot.test.autoconfigure.properties.PropertyMappingContextCustomizer@0, org.springframework.boot.test.autoconfigure.web.servlet.WebDriverContextCustomizerFactory$Customizer@2d6a0d7a, org.springframework.boot.test.context.filter.ExcludeFilterContextCustomizer@31c8fdf4, org.springframework.boot.test.json.DuplicateJsonObjectContextCustomizerFactory$DuplicateJsonObjectContextCustomizer@7e93146, org.springframework.boot.test.mock.mockito.MockitoContextCustomizer@0], contextLoader = 'org.springframework.test.context.support.DelegatingSmartContextLoader', parent = [null]]]
16:34:46.418 [Test worker] DEBUG org.springframework.test.context.cache - Spring test ApplicationContext cache statistics: [DefaultContextCache@616889a6 size = 1, maxSize = 32, parentContextCount = 0, hitCount = 5, missCount = 1]
16:34:46.418 [Test worker] DEBUG org.springframework.test.context.support.AbstractDirtiesContextTestExecutionListener - After test method: context [DefaultTestContext@7839f07 testClass = TestLeftRecursion, testInstance = ru.osipov.labs.lab2.TestLeftRecursion@252632f9, testMethod = testRec2@TestLeftRecursion, testException = [null], mergedContextConfiguration = [MergedContextConfiguration@6fa5d3c4 testClass = TestLeftRecursion, locations = '{}', classes = '{class ru.osipov.labs.lab2.TestLeftRecursion}', contextInitializerClasses = '[]', activeProfiles = '{}', propertySourceLocations = '{}', propertySourceProperties = '{}', contextCustomizers = set[org.springframework.boot.test.autoconfigure.properties.PropertyMappingContextCustomizer@0, org.springframework.boot.test.autoconfigure.web.servlet.WebDriverContextCustomizerFactory$Customizer@2d6a0d7a, org.springframework.boot.test.context.filter.ExcludeFilterContextCustomizer@31c8fdf4, org.springframework.boot.test.json.DuplicateJsonObjectContextCustomizerFactory$DuplicateJsonObjectContextCustomizer@7e93146, org.springframework.boot.test.mock.mockito.MockitoContextCustomizer@0], contextLoader = 'org.springframework.test.context.support.DelegatingSmartContextLoader', parent = [null]], attributes = map[[empty]]], class annotated with @DirtiesContext [false] with mode [null], method annotated with @DirtiesContext [false] with mode [null].
16:34:46.434 [Test worker] DEBUG org.springframework.test.context.support.AbstractDirtiesContextTestExecutionListener - After test class: context [DefaultTestContext@7839f07 testClass = TestLeftRecursion, testInstance = [null], testMethod = [null], testException = [null], mergedContextConfiguration = [MergedContextConfiguration@6fa5d3c4 testClass = TestLeftRecursion, locations = '{}', classes = '{class ru.osipov.labs.lab2.TestLeftRecursion}', contextInitializerClasses = '[]', activeProfiles = '{}', propertySourceLocations = '{}', propertySourceProperties = '{}', contextCustomizers = set[org.springframework.boot.test.autoconfigure.properties.PropertyMappingContextCustomizer@0, org.springframework.boot.test.autoconfigure.web.servlet.WebDriverContextCustomizerFactory$Customizer@2d6a0d7a, org.springframework.boot.test.context.filter.ExcludeFilterContextCustomizer@31c8fdf4, org.springframework.boot.test.json.DuplicateJsonObjectContextCustomizerFactory$DuplicateJsonObjectContextCustomizer@7e93146, org.springframework.boot.test.mock.mockito.MockitoContextCustomizer@0], contextLoader = 'org.springframework.test.context.support.DelegatingSmartContextLoader', parent = [null]], attributes = map[[empty]]], class annotated with @DirtiesContext [false] with mode [null].
]]></system-out>
  <system-err><![CDATA[]]></system-err>
</testsuite>
