<?xml version="1.0" encoding="UTF-8"?>
<testsuite name="ru.osipov.labs.lab3.TestLLParser" tests="1" skipped="0" failures="0" errors="0" timestamp="2020-06-02T12:50:17" hostname="oleg" time="6.522">
  <properties/>
  <testcase name="testJsonGrammar()" classname="ru.osipov.labs.lab3.TestLLParser" time="6.522"/>
  <system-out><![CDATA[15:50:17.220 [Test worker] DEBUG org.springframework.test.context.BootstrapUtils - Instantiating CacheAwareContextLoaderDelegate from class [org.springframework.test.context.cache.DefaultCacheAwareContextLoaderDelegate]
15:50:17.252 [Test worker] DEBUG org.springframework.test.context.BootstrapUtils - Instantiating BootstrapContext using constructor [public org.springframework.test.context.support.DefaultBootstrapContext(java.lang.Class,org.springframework.test.context.CacheAwareContextLoaderDelegate)]
15:50:17.267 [Test worker] DEBUG org.springframework.test.context.BootstrapUtils - Instantiating TestContextBootstrapper for test class [ru.osipov.labs.lab3.TestLLParser] from class [org.springframework.test.context.support.DefaultTestContextBootstrapper]
15:50:17.299 [Test worker] DEBUG org.springframework.test.context.support.AbstractDelegatingSmartContextLoader - Delegating to AnnotationConfigContextLoader to process context configuration [ContextConfigurationAttributes@c4c5255 declaringClass = 'ru.osipov.labs.lab3.TestLLParser', classes = '{class ru.osipov.labs.lab3.TestLLParser}', locations = '{}', inheritLocations = true, initializers = '{}', inheritInitializers = true, name = [null], contextLoaderClass = 'org.springframework.test.context.ContextLoader'].
15:50:17.361 [Test worker] DEBUG org.springframework.test.context.support.ActiveProfilesUtils - Could not find an 'annotation declaring class' for annotation type [org.springframework.test.context.ActiveProfiles] and class [ru.osipov.labs.lab3.TestLLParser]
15:50:17.361 [Test worker] DEBUG org.springframework.test.context.support.DefaultTestContextBootstrapper - @TestExecutionListeners is not present for class [ru.osipov.labs.lab3.TestLLParser]: using defaults.
15:50:17.361 [Test worker] INFO org.springframework.test.context.support.DefaultTestContextBootstrapper - Loaded default TestExecutionListener class names from location [META-INF/spring.factories]: [org.springframework.boot.test.autoconfigure.restdocs.RestDocsTestExecutionListener, org.springframework.boot.test.autoconfigure.web.client.MockRestServiceServerResetTestExecutionListener, org.springframework.boot.test.autoconfigure.web.servlet.MockMvcPrintOnlyOnFailureTestExecutionListener, org.springframework.boot.test.autoconfigure.web.servlet.WebDriverTestExecutionListener, org.springframework.boot.test.mock.mockito.MockitoTestExecutionListener, org.springframework.boot.test.mock.mockito.ResetMocksTestExecutionListener, org.springframework.test.context.web.ServletTestExecutionListener, org.springframework.test.context.support.DirtiesContextBeforeModesTestExecutionListener, org.springframework.test.context.support.DependencyInjectionTestExecutionListener, org.springframework.test.context.support.DirtiesContextTestExecutionListener, org.springframework.test.context.transaction.TransactionalTestExecutionListener, org.springframework.test.context.jdbc.SqlScriptsTestExecutionListener]
15:50:17.361 [Test worker] DEBUG org.springframework.test.context.support.DefaultTestContextBootstrapper - Skipping candidate TestExecutionListener [org.springframework.test.context.web.ServletTestExecutionListener] due to a missing dependency. Specify custom listener classes or make the default listener classes and their required dependencies available. Offending class: [javax/servlet/ServletContext]
15:50:17.361 [Test worker] DEBUG org.springframework.test.context.support.DefaultTestContextBootstrapper - Skipping candidate TestExecutionListener [org.springframework.test.context.transaction.TransactionalTestExecutionListener] due to a missing dependency. Specify custom listener classes or make the default listener classes and their required dependencies available. Offending class: [org/springframework/transaction/interceptor/TransactionAttributeSource]
15:50:17.361 [Test worker] DEBUG org.springframework.test.context.support.DefaultTestContextBootstrapper - Skipping candidate TestExecutionListener [org.springframework.test.context.jdbc.SqlScriptsTestExecutionListener] due to a missing dependency. Specify custom listener classes or make the default listener classes and their required dependencies available. Offending class: [org/springframework/transaction/interceptor/TransactionAttribute]
15:50:17.361 [Test worker] INFO org.springframework.test.context.support.DefaultTestContextBootstrapper - Using TestExecutionListeners: [org.springframework.test.context.support.DirtiesContextBeforeModesTestExecutionListener@1589e44a, org.springframework.boot.test.mock.mockito.MockitoTestExecutionListener@74220d61, org.springframework.test.context.support.DependencyInjectionTestExecutionListener@37cb2741, org.springframework.test.context.support.DirtiesContextTestExecutionListener@3096ba13, org.springframework.boot.test.autoconfigure.restdocs.RestDocsTestExecutionListener@6ae7b3ff, org.springframework.boot.test.autoconfigure.web.client.MockRestServiceServerResetTestExecutionListener@e4af2c7, org.springframework.boot.test.autoconfigure.web.servlet.MockMvcPrintOnlyOnFailureTestExecutionListener@60d53d60, org.springframework.boot.test.autoconfigure.web.servlet.WebDriverTestExecutionListener@6596454b, org.springframework.boot.test.mock.mockito.ResetMocksTestExecutionListener@32b96a4d]
15:50:17.377 [Test worker] DEBUG org.springframework.test.context.support.AbstractDirtiesContextTestExecutionListener - Before test class: context [DefaultTestContext@7d456fa1 testClass = TestLLParser, testInstance = [null], testMethod = [null], testException = [null], mergedContextConfiguration = [MergedContextConfiguration@e1f086a testClass = TestLLParser, locations = '{}', classes = '{class ru.osipov.labs.lab3.TestLLParser}', contextInitializerClasses = '[]', activeProfiles = '{}', propertySourceLocations = '{}', propertySourceProperties = '{}', contextCustomizers = set[org.springframework.boot.test.autoconfigure.properties.PropertyMappingContextCustomizer@0, org.springframework.boot.test.autoconfigure.web.servlet.WebDriverContextCustomizerFactory$Customizer@43d8375f, org.springframework.boot.test.context.filter.ExcludeFilterContextCustomizer@58635f2e, org.springframework.boot.test.json.DuplicateJsonObjectContextCustomizerFactory$DuplicateJsonObjectContextCustomizer@2e11308b, org.springframework.boot.test.mock.mockito.MockitoContextCustomizer@0], contextLoader = 'org.springframework.test.context.support.DelegatingSmartContextLoader', parent = [null]], attributes = map[[empty]]], class annotated with @DirtiesContext [false] with mode [null].
15:50:17.377 [Test worker] DEBUG org.springframework.test.context.support.DependencyInjectionTestExecutionListener - Performing dependency injection for test context [[DefaultTestContext@7d456fa1 testClass = TestLLParser, testInstance = ru.osipov.labs.lab3.TestLLParser@21ee5a91, testMethod = [null], testException = [null], mergedContextConfiguration = [MergedContextConfiguration@e1f086a testClass = TestLLParser, locations = '{}', classes = '{class ru.osipov.labs.lab3.TestLLParser}', contextInitializerClasses = '[]', activeProfiles = '{}', propertySourceLocations = '{}', propertySourceProperties = '{}', contextCustomizers = set[org.springframework.boot.test.autoconfigure.properties.PropertyMappingContextCustomizer@0, org.springframework.boot.test.autoconfigure.web.servlet.WebDriverContextCustomizerFactory$Customizer@43d8375f, org.springframework.boot.test.context.filter.ExcludeFilterContextCustomizer@58635f2e, org.springframework.boot.test.json.DuplicateJsonObjectContextCustomizerFactory$DuplicateJsonObjectContextCustomizer@2e11308b, org.springframework.boot.test.mock.mockito.MockitoContextCustomizer@0], contextLoader = 'org.springframework.test.context.support.DelegatingSmartContextLoader', parent = [null]], attributes = map[[empty]]]].
15:50:17.377 [Test worker] DEBUG org.springframework.test.context.support.AbstractDelegatingSmartContextLoader - Delegating to AnnotationConfigContextLoader to load context from [MergedContextConfiguration@e1f086a testClass = TestLLParser, locations = '{}', classes = '{class ru.osipov.labs.lab3.TestLLParser}', contextInitializerClasses = '[]', activeProfiles = '{}', propertySourceLocations = '{}', propertySourceProperties = '{}', contextCustomizers = set[org.springframework.boot.test.autoconfigure.properties.PropertyMappingContextCustomizer@0, org.springframework.boot.test.autoconfigure.web.servlet.WebDriverContextCustomizerFactory$Customizer@43d8375f, org.springframework.boot.test.context.filter.ExcludeFilterContextCustomizer@58635f2e, org.springframework.boot.test.json.DuplicateJsonObjectContextCustomizerFactory$DuplicateJsonObjectContextCustomizer@2e11308b, org.springframework.boot.test.mock.mockito.MockitoContextCustomizer@0], contextLoader = 'org.springframework.test.context.support.DelegatingSmartContextLoader', parent = [null]].
15:50:17.377 [Test worker] DEBUG org.springframework.test.context.support.AbstractGenericContextLoader - Loading ApplicationContext for merged context configuration [[MergedContextConfiguration@e1f086a testClass = TestLLParser, locations = '{}', classes = '{class ru.osipov.labs.lab3.TestLLParser}', contextInitializerClasses = '[]', activeProfiles = '{}', propertySourceLocations = '{}', propertySourceProperties = '{}', contextCustomizers = set[org.springframework.boot.test.autoconfigure.properties.PropertyMappingContextCustomizer@0, org.springframework.boot.test.autoconfigure.web.servlet.WebDriverContextCustomizerFactory$Customizer@43d8375f, org.springframework.boot.test.context.filter.ExcludeFilterContextCustomizer@58635f2e, org.springframework.boot.test.json.DuplicateJsonObjectContextCustomizerFactory$DuplicateJsonObjectContextCustomizer@2e11308b, org.springframework.boot.test.mock.mockito.MockitoContextCustomizer@0], contextLoader = 'org.springframework.test.context.support.DelegatingSmartContextLoader', parent = [null]]].
15:50:17.424 [Test worker] DEBUG org.springframework.core.env.StandardEnvironment - Activating profiles []
15:50:17.424 [Test worker] DEBUG org.springframework.test.context.support.AnnotationConfigContextLoader - Registering annotated classes: {class ru.osipov.labs.lab3.TestLLParser}
15:50:17.470 [Test worker] DEBUG org.springframework.context.support.GenericApplicationContext - Refreshing org.springframework.context.support.GenericApplicationContext@79eeafaa
15:50:17.486 [Test worker] DEBUG org.springframework.beans.factory.support.DefaultListableBeanFactory - Creating shared instance of singleton bean 'org.springframework.context.annotation.internalConfigurationAnnotationProcessor'
15:50:17.517 [Test worker] DEBUG org.springframework.beans.factory.support.DefaultListableBeanFactory - Creating shared instance of singleton bean 'org.springframework.boot.test.mock.mockito.MockitoPostProcessor'
15:50:17.549 [Test worker] DEBUG org.springframework.beans.factory.support.DefaultListableBeanFactory - Creating shared instance of singleton bean 'org.springframework.context.event.internalEventListenerProcessor'
15:50:17.549 [Test worker] DEBUG org.springframework.beans.factory.support.DefaultListableBeanFactory - Creating shared instance of singleton bean 'org.springframework.context.event.internalEventListenerFactory'
15:50:17.549 [Test worker] DEBUG org.springframework.beans.factory.support.DefaultListableBeanFactory - Creating shared instance of singleton bean 'org.springframework.context.annotation.internalAutowiredAnnotationProcessor'
15:50:17.549 [Test worker] DEBUG org.springframework.beans.factory.support.DefaultListableBeanFactory - Creating shared instance of singleton bean 'org.springframework.context.annotation.internalCommonAnnotationProcessor'
15:50:17.549 [Test worker] DEBUG org.springframework.beans.factory.support.DefaultListableBeanFactory - Creating shared instance of singleton bean 'org.springframework.boot.test.mock.mockito.MockitoPostProcessor$SpyPostProcessor'
15:50:17.564 [Test worker] DEBUG org.springframework.beans.factory.support.DefaultListableBeanFactory - Creating shared instance of singleton bean 'testLLParser'
15:50:17.595 [Test worker] DEBUG org.springframework.test.context.cache.DefaultCacheAwareContextLoaderDelegate - Storing ApplicationContext in cache under key [[MergedContextConfiguration@e1f086a testClass = TestLLParser, locations = '{}', classes = '{class ru.osipov.labs.lab3.TestLLParser}', contextInitializerClasses = '[]', activeProfiles = '{}', propertySourceLocations = '{}', propertySourceProperties = '{}', contextCustomizers = set[org.springframework.boot.test.autoconfigure.properties.PropertyMappingContextCustomizer@0, org.springframework.boot.test.autoconfigure.web.servlet.WebDriverContextCustomizerFactory$Customizer@43d8375f, org.springframework.boot.test.context.filter.ExcludeFilterContextCustomizer@58635f2e, org.springframework.boot.test.json.DuplicateJsonObjectContextCustomizerFactory$DuplicateJsonObjectContextCustomizer@2e11308b, org.springframework.boot.test.mock.mockito.MockitoContextCustomizer@0], contextLoader = 'org.springframework.test.context.support.DelegatingSmartContextLoader', parent = [null]]]
15:50:17.595 [Test worker] DEBUG org.springframework.test.context.cache - Spring test ApplicationContext cache statistics: [DefaultContextCache@28f6bcdd size = 1, maxSize = 32, parentContextCount = 0, hitCount = 0, missCount = 1]
15:50:17.611 [Test worker] DEBUG org.springframework.test.context.support.AbstractDirtiesContextTestExecutionListener - Before test method: context [DefaultTestContext@7d456fa1 testClass = TestLLParser, testInstance = ru.osipov.labs.lab3.TestLLParser@21ee5a91, testMethod = testJsonGrammar@TestLLParser, testException = [null], mergedContextConfiguration = [MergedContextConfiguration@e1f086a testClass = TestLLParser, locations = '{}', classes = '{class ru.osipov.labs.lab3.TestLLParser}', contextInitializerClasses = '[]', activeProfiles = '{}', propertySourceLocations = '{}', propertySourceProperties = '{}', contextCustomizers = set[org.springframework.boot.test.autoconfigure.properties.PropertyMappingContextCustomizer@0, org.springframework.boot.test.autoconfigure.web.servlet.WebDriverContextCustomizerFactory$Customizer@43d8375f, org.springframework.boot.test.context.filter.ExcludeFilterContextCustomizer@58635f2e, org.springframework.boot.test.json.DuplicateJsonObjectContextCustomizerFactory$DuplicateJsonObjectContextCustomizer@2e11308b, org.springframework.boot.test.mock.mockito.MockitoContextCustomizer@0], contextLoader = 'org.springframework.test.context.support.DelegatingSmartContextLoader', parent = [null]], attributes = map[[empty]]], class annotated with @DirtiesContext [false] with mode [null], method annotated with @DirtiesContext [false] with mode [null].
15:50:17.611 [Test worker] DEBUG org.springframework.test.context.cache.DefaultCacheAwareContextLoaderDelegate - Retrieved ApplicationContext from cache with key [[MergedContextConfiguration@e1f086a testClass = TestLLParser, locations = '{}', classes = '{class ru.osipov.labs.lab3.TestLLParser}', contextInitializerClasses = '[]', activeProfiles = '{}', propertySourceLocations = '{}', propertySourceProperties = '{}', contextCustomizers = set[org.springframework.boot.test.autoconfigure.properties.PropertyMappingContextCustomizer@0, org.springframework.boot.test.autoconfigure.web.servlet.WebDriverContextCustomizerFactory$Customizer@43d8375f, org.springframework.boot.test.context.filter.ExcludeFilterContextCustomizer@58635f2e, org.springframework.boot.test.json.DuplicateJsonObjectContextCustomizerFactory$DuplicateJsonObjectContextCustomizer@2e11308b, org.springframework.boot.test.mock.mockito.MockitoContextCustomizer@0], contextLoader = 'org.springframework.test.context.support.DelegatingSmartContextLoader', parent = [null]]]
15:50:17.611 [Test worker] DEBUG org.springframework.test.context.cache - Spring test ApplicationContext cache statistics: [DefaultContextCache@28f6bcdd size = 1, maxSize = 32, parentContextCount = 0, hitCount = 1, missCount = 1]
Source
Grammar
	T: [realNum, realHexNum, string, num, binNum, ,, empty, realOctalNum, hexNum, :, id, {, [, realBinNum, octalNum, }, ]]
	keywords: [null, true, false]
	N: [VAL, ARRAY, MEMBERS, J, ELEMS, OBJECT, ELEM, MEMBER]
	P {
		J -> ELEM 
		VAL -> realNum | realHexNum | ARRAY | string | num | false | binNum | OBJECT | realOctalNum | null | hexNum | true | id | realBinNum | octalNum 
		ARRAY -> [ ELEMS ] 
		MEMBERS -> MEMBER , MEMBERS | MEMBER | empty 
		ELEMS -> ELEM , ELEMS | ELEM | empty 
		OBJECT -> { MEMBERS } 
		ELEM -> VAL 
		MEMBER -> string : ELEM 
	}
	Start: J
	N_g: [VAL, MEMBERS, ARRAY, J, ELEMS, OBJECT, ELEM, MEMBER]
	N_e: [MEMBERS, ELEMS]
Processed Grammar
Grammar
	T: [string, num, binNum, empty, hexNum, [, id, ], octalNum, realNum, realHexNum, ,, realOctalNum, :, {, realBinNum, }]
	keywords: [null, true, false]
	N: [J, ELEMS, MEMBER, ELEMS'1, MEMBERS, ELEM, MEMBERS'1]
	P {
		J -> realNum | realHexNum | string | num | false | binNum | { MEMBERS } | realOctalNum | [ ELEMS ] | null | hexNum | true | id | realBinNum | octalNum 
		ELEMS'1 -> , ELEMS | empty 
		MEMBERS -> MEMBER MEMBERS'1 | empty 
		ELEMS -> ELEM ELEMS'1 | empty 
		MEMBERS'1 -> , MEMBERS | empty 
		MEMBER -> string : ELEM 
		ELEM -> realNum | realHexNum | string | num | false | binNum | { MEMBERS } | realOctalNum | [ ELEMS ] | null | hexNum | true | id | realBinNum | octalNum 
	}
	Start: J
	N_g: [ELEMS'1, MEMBERS, J, ELEMS, MEMBERS'1, ELEM, MEMBER]
	N_e: [ELEMS'1, MEMBERS, ELEMS, MEMBERS'1]
[1593, 1692, 1031, 451, 1689, 156, 1127, 1598, 1124, 1652, 1596, 1694, 889, 902, 838, 905]
Alpha: [ , !, ", #, $, %, &, ', (, ), *, +, ,, -, ., /, 0, 1, 2, 3, 4, 5, 6, 7, 8, 9, :, ;, <, =, >, ?, @, A, B, C, D, E, F, G, H, I, J, K, L, M, N, O, P, Q, R, S, T, U, V, W, X, Y, Z, [, \, ], _, a, b, c, d, e, f, g, h, i, j, k, l, m, n, o, p, q, r, s, t, u, v, w, x, y, z, {, }, ~, ?, ?, ?, ?]
States of NFA: 1647
States of DFA: 376
Finished: 251
Dead: 2
MinDFA States: 41
Patterns (F): 22
Start: M21
json_t_1.txt
Gen: 140
Recurse: 16

dataset3.json
Gen: 172
Recurse: 15
dataset4.json
Gen: 250
Recurse: 32
dataset6.json
Gen: 281
Recurse: 31
15:50:24.111 [Test worker] DEBUG org.springframework.test.context.cache.DefaultCacheAwareContextLoaderDelegate - Retrieved ApplicationContext from cache with key [[MergedContextConfiguration@e1f086a testClass = TestLLParser, locations = '{}', classes = '{class ru.osipov.labs.lab3.TestLLParser}', contextInitializerClasses = '[]', activeProfiles = '{}', propertySourceLocations = '{}', propertySourceProperties = '{}', contextCustomizers = set[org.springframework.boot.test.autoconfigure.properties.PropertyMappingContextCustomizer@0, org.springframework.boot.test.autoconfigure.web.servlet.WebDriverContextCustomizerFactory$Customizer@43d8375f, org.springframework.boot.test.context.filter.ExcludeFilterContextCustomizer@58635f2e, org.springframework.boot.test.json.DuplicateJsonObjectContextCustomizerFactory$DuplicateJsonObjectContextCustomizer@2e11308b, org.springframework.boot.test.mock.mockito.MockitoContextCustomizer@0], contextLoader = 'org.springframework.test.context.support.DelegatingSmartContextLoader', parent = [null]]]
15:50:24.111 [Test worker] DEBUG org.springframework.test.context.cache - Spring test ApplicationContext cache statistics: [DefaultContextCache@28f6bcdd size = 1, maxSize = 32, parentContextCount = 0, hitCount = 2, missCount = 1]
15:50:24.111 [Test worker] DEBUG org.springframework.test.context.cache.DefaultCacheAwareContextLoaderDelegate - Retrieved ApplicationContext from cache with key [[MergedContextConfiguration@e1f086a testClass = TestLLParser, locations = '{}', classes = '{class ru.osipov.labs.lab3.TestLLParser}', contextInitializerClasses = '[]', activeProfiles = '{}', propertySourceLocations = '{}', propertySourceProperties = '{}', contextCustomizers = set[org.springframework.boot.test.autoconfigure.properties.PropertyMappingContextCustomizer@0, org.springframework.boot.test.autoconfigure.web.servlet.WebDriverContextCustomizerFactory$Customizer@43d8375f, org.springframework.boot.test.context.filter.ExcludeFilterContextCustomizer@58635f2e, org.springframework.boot.test.json.DuplicateJsonObjectContextCustomizerFactory$DuplicateJsonObjectContextCustomizer@2e11308b, org.springframework.boot.test.mock.mockito.MockitoContextCustomizer@0], contextLoader = 'org.springframework.test.context.support.DelegatingSmartContextLoader', parent = [null]]]
15:50:24.111 [Test worker] DEBUG org.springframework.test.context.cache - Spring test ApplicationContext cache statistics: [DefaultContextCache@28f6bcdd size = 1, maxSize = 32, parentContextCount = 0, hitCount = 3, missCount = 1]
15:50:24.111 [Test worker] DEBUG org.springframework.test.context.cache.DefaultCacheAwareContextLoaderDelegate - Retrieved ApplicationContext from cache with key [[MergedContextConfiguration@e1f086a testClass = TestLLParser, locations = '{}', classes = '{class ru.osipov.labs.lab3.TestLLParser}', contextInitializerClasses = '[]', activeProfiles = '{}', propertySourceLocations = '{}', propertySourceProperties = '{}', contextCustomizers = set[org.springframework.boot.test.autoconfigure.properties.PropertyMappingContextCustomizer@0, org.springframework.boot.test.autoconfigure.web.servlet.WebDriverContextCustomizerFactory$Customizer@43d8375f, org.springframework.boot.test.context.filter.ExcludeFilterContextCustomizer@58635f2e, org.springframework.boot.test.json.DuplicateJsonObjectContextCustomizerFactory$DuplicateJsonObjectContextCustomizer@2e11308b, org.springframework.boot.test.mock.mockito.MockitoContextCustomizer@0], contextLoader = 'org.springframework.test.context.support.DelegatingSmartContextLoader', parent = [null]]]
15:50:24.111 [Test worker] DEBUG org.springframework.test.context.cache - Spring test ApplicationContext cache statistics: [DefaultContextCache@28f6bcdd size = 1, maxSize = 32, parentContextCount = 0, hitCount = 4, missCount = 1]
15:50:24.127 [Test worker] DEBUG org.springframework.test.context.cache.DefaultCacheAwareContextLoaderDelegate - Retrieved ApplicationContext from cache with key [[MergedContextConfiguration@e1f086a testClass = TestLLParser, locations = '{}', classes = '{class ru.osipov.labs.lab3.TestLLParser}', contextInitializerClasses = '[]', activeProfiles = '{}', propertySourceLocations = '{}', propertySourceProperties = '{}', contextCustomizers = set[org.springframework.boot.test.autoconfigure.properties.PropertyMappingContextCustomizer@0, org.springframework.boot.test.autoconfigure.web.servlet.WebDriverContextCustomizerFactory$Customizer@43d8375f, org.springframework.boot.test.context.filter.ExcludeFilterContextCustomizer@58635f2e, org.springframework.boot.test.json.DuplicateJsonObjectContextCustomizerFactory$DuplicateJsonObjectContextCustomizer@2e11308b, org.springframework.boot.test.mock.mockito.MockitoContextCustomizer@0], contextLoader = 'org.springframework.test.context.support.DelegatingSmartContextLoader', parent = [null]]]
15:50:24.127 [Test worker] DEBUG org.springframework.test.context.cache - Spring test ApplicationContext cache statistics: [DefaultContextCache@28f6bcdd size = 1, maxSize = 32, parentContextCount = 0, hitCount = 5, missCount = 1]
15:50:24.127 [Test worker] DEBUG org.springframework.test.context.support.AbstractDirtiesContextTestExecutionListener - After test method: context [DefaultTestContext@7d456fa1 testClass = TestLLParser, testInstance = ru.osipov.labs.lab3.TestLLParser@21ee5a91, testMethod = testJsonGrammar@TestLLParser, testException = [null], mergedContextConfiguration = [MergedContextConfiguration@e1f086a testClass = TestLLParser, locations = '{}', classes = '{class ru.osipov.labs.lab3.TestLLParser}', contextInitializerClasses = '[]', activeProfiles = '{}', propertySourceLocations = '{}', propertySourceProperties = '{}', contextCustomizers = set[org.springframework.boot.test.autoconfigure.properties.PropertyMappingContextCustomizer@0, org.springframework.boot.test.autoconfigure.web.servlet.WebDriverContextCustomizerFactory$Customizer@43d8375f, org.springframework.boot.test.context.filter.ExcludeFilterContextCustomizer@58635f2e, org.springframework.boot.test.json.DuplicateJsonObjectContextCustomizerFactory$DuplicateJsonObjectContextCustomizer@2e11308b, org.springframework.boot.test.mock.mockito.MockitoContextCustomizer@0], contextLoader = 'org.springframework.test.context.support.DelegatingSmartContextLoader', parent = [null]], attributes = map[[empty]]], class annotated with @DirtiesContext [false] with mode [null], method annotated with @DirtiesContext [false] with mode [null].
15:50:24.127 [Test worker] DEBUG org.springframework.test.context.support.AbstractDirtiesContextTestExecutionListener - After test class: context [DefaultTestContext@7d456fa1 testClass = TestLLParser, testInstance = [null], testMethod = [null], testException = [null], mergedContextConfiguration = [MergedContextConfiguration@e1f086a testClass = TestLLParser, locations = '{}', classes = '{class ru.osipov.labs.lab3.TestLLParser}', contextInitializerClasses = '[]', activeProfiles = '{}', propertySourceLocations = '{}', propertySourceProperties = '{}', contextCustomizers = set[org.springframework.boot.test.autoconfigure.properties.PropertyMappingContextCustomizer@0, org.springframework.boot.test.autoconfigure.web.servlet.WebDriverContextCustomizerFactory$Customizer@43d8375f, org.springframework.boot.test.context.filter.ExcludeFilterContextCustomizer@58635f2e, org.springframework.boot.test.json.DuplicateJsonObjectContextCustomizerFactory$DuplicateJsonObjectContextCustomizer@2e11308b, org.springframework.boot.test.mock.mockito.MockitoContextCustomizer@0], contextLoader = 'org.springframework.test.context.support.DelegatingSmartContextLoader', parent = [null]], attributes = map[[empty]]], class annotated with @DirtiesContext [false] with mode [null].
]]></system-out>
  <system-err><![CDATA[]]></system-err>
</testsuite>
